<?xml version="1.0" encoding="UTF-8"?>
<coverage generated="1780794403825" clover="3.2.0">
  <project timestamp="1780794403825" name="All files">
    <metrics statements="385" coveredstatements="354" conditionals="198" coveredconditionals="155" methods="139" coveredmethods="127" elements="722" coveredelements="636" complexity="0" loc="385" ncloc="385" packages="5" files="12" classes="12"/>
    <package name="electron.__tests__">
      <metrics statements="120" coveredstatements="116" conditionals="74" coveredconditionals="53" methods="23" coveredmethods="22"/>
      <file name="mock-sqlite.ts" path="D:\Seed\OneBook\electron\__tests__\mock-sqlite.ts">
        <metrics statements="120" coveredstatements="116" conditionals="74" coveredconditionals="53" methods="23" coveredmethods="22"/>
        <line num="10" count="58" type="stmt"/>
        <line num="12" count="58" type="stmt"/>
        <line num="13" count="58" type="stmt"/>
        <line num="21" count="58" type="stmt"/>
        <line num="22" count="58" type="stmt"/>
        <line num="23" count="406" type="cond" truecount="4" falsecount="0"/>
        <line num="24" count="348" type="stmt"/>
        <line num="25" count="348" type="cond" truecount="1" falsecount="1"/>
        <line num="26" count="348" type="stmt"/>
        <line num="30" count="348" type="stmt"/>
        <line num="31" count="348" type="cond" truecount="1" falsecount="1"/>
        <line num="32" count="348" type="stmt"/>
        <line num="35" count="348" type="stmt"/>
        <line num="37" count="2088" type="stmt"/>
        <line num="38" count="2088" type="cond" truecount="3" falsecount="0"/>
        <line num="39" count="348" type="cond" truecount="1" falsecount="1"/>
        <line num="40" count="348" type="stmt"/>
        <line num="44" count="348" type="stmt"/>
        <line num="46" count="348" type="stmt"/>
        <line num="47" count="348" type="stmt"/>
        <line num="48" count="290" type="stmt"/>
        <line num="50" count="348" type="cond" truecount="2" falsecount="0"/>
        <line num="51" count="232" type="stmt"/>
        <line num="57" count="213" type="stmt"/>
        <line num="61" count="52" type="stmt"/>
        <line num="65" count="0" type="stmt"/>
        <line num="71" count="213" type="stmt"/>
        <line num="72" count="213" type="stmt"/>
        <line num="73" count="213" type="cond" truecount="1" falsecount="0"/>
        <line num="77" count="140" type="stmt"/>
        <line num="80" count="140" type="cond" truecount="2" falsecount="0"/>
        <line num="81" count="125" type="stmt"/>
        <line num="82" count="125" type="cond" truecount="1" falsecount="1"/>
        <line num="83" count="125" type="stmt"/>
        <line num="84" count="125" type="stmt"/>
        <line num="85" count="125" type="cond" truecount="1" falsecount="1"/>
        <line num="87" count="125" type="stmt"/>
        <line num="88" count="125" type="cond" truecount="1" falsecount="1"/>
        <line num="89" count="661" type="stmt"/>
        <line num="92" count="125" type="cond" truecount="2" falsecount="0"/>
        <line num="93" count="13" type="stmt"/>
        <line num="94" count="13" type="stmt"/>
        <line num="95" count="13" type="cond" truecount="1" falsecount="1"/>
        <line num="96" count="13" type="stmt"/>
        <line num="97" count="13" type="stmt"/>
        <line num="101" count="125" type="stmt"/>
        <line num="102" count="125" type="stmt"/>
        <line num="103" count="661" type="cond" truecount="2" falsecount="0"/>
        <line num="105" count="125" type="stmt"/>
        <line num="106" count="125" type="stmt"/>
        <line num="110" count="15" type="cond" truecount="2" falsecount="0"/>
        <line num="111" count="5" type="stmt"/>
        <line num="112" count="5" type="cond" truecount="1" falsecount="1"/>
        <line num="113" count="5" type="stmt"/>
        <line num="114" count="5" type="stmt"/>
        <line num="115" count="5" type="cond" truecount="1" falsecount="1"/>
        <line num="117" count="5" type="stmt"/>
        <line num="118" count="5" type="cond" truecount="1" falsecount="1"/>
        <line num="119" count="11" type="stmt"/>
        <line num="121" count="5" type="stmt"/>
        <line num="122" count="5" type="cond" truecount="1" falsecount="1"/>
        <line num="124" count="5" type="stmt"/>
        <line num="125" count="5" type="stmt"/>
        <line num="126" count="6" type="cond" truecount="1" falsecount="1"/>
        <line num="127" count="6" type="stmt"/>
        <line num="128" count="6" type="cond" truecount="2" falsecount="0"/>
        <line num="130" count="5" type="stmt"/>
        <line num="131" count="11" type="stmt"/>
        <line num="133" count="5" type="stmt"/>
        <line num="135" count="5" type="stmt"/>
        <line num="139" count="10" type="cond" truecount="1" falsecount="1"/>
        <line num="140" count="10" type="stmt"/>
        <line num="141" count="10" type="cond" truecount="1" falsecount="1"/>
        <line num="142" count="10" type="stmt"/>
        <line num="143" count="10" type="stmt"/>
        <line num="144" count="10" type="cond" truecount="1" falsecount="1"/>
        <line num="146" count="10" type="stmt"/>
        <line num="148" count="10" type="cond" truecount="1" falsecount="1"/>
        <line num="149" count="0" type="stmt"/>
        <line num="150" count="0" type="stmt"/>
        <line num="152" count="10" type="stmt"/>
        <line num="153" count="15" type="stmt"/>
        <line num="154" count="15" type="stmt"/>
        <line num="158" count="10" type="stmt"/>
        <line num="160" count="10" type="stmt"/>
        <line num="163" count="0" type="stmt"/>
        <line num="168" count="35" type="cond" truecount="2" falsecount="0"/>
        <line num="169" count="21" type="stmt"/>
        <line num="170" count="84" type="stmt"/>
        <line num="171" count="105" type="cond" truecount="2" falsecount="0"/>
        <line num="172" count="25" type="stmt"/>
        <line num="173" count="25" type="cond" truecount="1" falsecount="1"/>
        <line num="174" count="25" type="stmt"/>
        <line num="175" count="25" type="stmt"/>
        <line num="176" count="27" type="stmt"/>
        <line num="177" count="27" type="stmt"/>
        <line num="178" count="27" type="stmt"/>
        <line num="179" count="27" type="stmt"/>
        <line num="182" count="25" type="stmt"/>
        <line num="190" count="73" type="stmt"/>
        <line num="191" count="73" type="stmt"/>
        <line num="192" count="73" type="cond" truecount="1" falsecount="1"/>
        <line num="193" count="73" type="stmt"/>
        <line num="194" count="73" type="stmt"/>
        <line num="195" count="73" type="cond" truecount="1" falsecount="1"/>
        <line num="197" count="73" type="stmt"/>
        <line num="200" count="73" type="stmt"/>
        <line num="201" count="73" type="cond" truecount="4" falsecount="0"/>
        <line num="202" count="73" type="stmt"/>
        <line num="206" count="73" type="stmt"/>
        <line num="207" count="73" type="cond" truecount="2" falsecount="0"/>
        <line num="208" count="57" type="stmt"/>
        <line num="209" count="57" type="stmt"/>
        <line num="210" count="57" type="stmt"/>
        <line num="211" count="16" type="cond" truecount="1" falsecount="1"/>
        <line num="212" count="16" type="cond" truecount="1" falsecount="1"/>
        <line num="213" count="16" type="cond" truecount="2" falsecount="0"/>
        <line num="217" count="73" type="stmt"/>
        <line num="221" count="12" type="stmt"/>
        <line num="222" count="12" type="stmt"/>
      </file>
    </package>
    <package name="electron.ipc">
      <metrics statements="71" coveredstatements="53" conditionals="36" coveredconditionals="24" methods="26" coveredmethods="22"/>
      <file name="handlers.ts" path="D:\Seed\OneBook\electron\ipc\handlers.ts">
        <metrics statements="71" coveredstatements="53" conditionals="36" coveredconditionals="24" methods="26" coveredmethods="22"/>
        <line num="18" count="64" type="stmt"/>
        <line num="19" count="64" type="stmt"/>
        <line num="20" count="5" type="cond" truecount="2" falsecount="0"/>
        <line num="22" count="64" type="stmt"/>
        <line num="23" count="1" type="stmt"/>
        <line num="25" count="64" type="stmt"/>
        <line num="28" count="64" type="stmt"/>
        <line num="29" count="64" type="stmt"/>
        <line num="30" count="64" type="stmt"/>
        <line num="32" count="64" type="stmt"/>
        <line num="37" count="15" type="cond" truecount="4" falsecount="0"/>
        <line num="38" count="6" type="stmt"/>
        <line num="39" count="6" type="stmt"/>
        <line num="40" count="6" type="stmt"/>
        <line num="41" count="6" type="stmt"/>
        <line num="42" count="9" type="cond" truecount="4" falsecount="0"/>
        <line num="43" count="3" type="stmt"/>
        <line num="46" count="3" type="stmt"/>
        <line num="47" count="3" type="stmt"/>
        <line num="48" count="3" type="cond" truecount="2" falsecount="0"/>
        <line num="49" count="6" type="cond" truecount="4" falsecount="0"/>
        <line num="50" count="2" type="stmt"/>
        <line num="51" count="2" type="stmt"/>
        <line num="52" count="2" type="stmt"/>
        <line num="53" count="2" type="cond" truecount="1" falsecount="1"/>
        <line num="55" count="4" type="stmt"/>
        <line num="58" count="11" type="stmt"/>
        <line num="70" count="64" type="stmt"/>
        <line num="71" count="64" type="stmt"/>
        <line num="72" count="6" type="stmt"/>
        <line num="74" count="64" type="stmt"/>
        <line num="75" count="2" type="stmt"/>
        <line num="77" count="64" type="stmt"/>
        <line num="78" count="64" type="stmt"/>
        <line num="81" count="64" type="stmt"/>
        <line num="82" count="9" type="stmt"/>
        <line num="86" count="64" type="stmt"/>
        <line num="87" count="0" type="stmt"/>
        <line num="88" count="0" type="cond" truecount="0" falsecount="2"/>
        <line num="90" count="0" type="stmt"/>
        <line num="91" count="0" type="stmt"/>
        <line num="92" count="0" type="stmt"/>
        <line num="93" count="0" type="cond" truecount="0" falsecount="2"/>
        <line num="94" count="0" type="stmt"/>
        <line num="95" count="0" type="cond" truecount="0" falsecount="2"/>
        <line num="96" count="0" type="stmt"/>
        <line num="97" count="0" type="cond" truecount="0" falsecount="2"/>
        <line num="98" count="0" type="stmt"/>
        <line num="102" count="0" type="cond" truecount="0" falsecount="2"/>
        <line num="107" count="64" type="stmt"/>
        <line num="108" count="64" type="stmt"/>
        <line num="109" count="64" type="stmt"/>
        <line num="112" count="64" type="stmt"/>
        <line num="113" count="64" type="stmt"/>
        <line num="114" count="1" type="stmt"/>
        <line num="115" count="1" type="stmt"/>
        <line num="116" count="1" type="cond" truecount="1" falsecount="1"/>
        <line num="120" count="64" type="stmt"/>
        <line num="121" count="2" type="stmt"/>
        <line num="127" count="2" type="stmt"/>
        <line num="130" count="64" type="stmt"/>
        <line num="131" count="1" type="stmt"/>
        <line num="135" count="64" type="stmt"/>
        <line num="136" count="0" type="stmt"/>
        <line num="137" count="0" type="stmt"/>
        <line num="139" count="64" type="stmt"/>
        <line num="140" count="0" type="stmt"/>
        <line num="141" count="0" type="stmt"/>
        <line num="143" count="64" type="stmt"/>
        <line num="144" count="0" type="stmt"/>
        <line num="145" count="0" type="stmt"/>
      </file>
    </package>
    <package name="electron.services">
      <metrics statements="141" coveredstatements="139" conditionals="58" coveredconditionals="52" methods="37" coveredmethods="37"/>
      <file name="ai.service.ts" path="D:\Seed\OneBook\electron\services\ai.service.ts">
        <metrics statements="52" coveredstatements="50" conditionals="34" coveredconditionals="28" methods="5" coveredmethods="5"/>
        <line num="12" count="6" type="stmt"/>
        <line num="20" count="9" type="stmt"/>
        <line num="21" count="9" type="stmt"/>
        <line num="22" count="9" type="cond" truecount="2" falsecount="2"/>
        <line num="27" count="9" type="stmt"/>
        <line num="28" count="9" type="cond" truecount="2" falsecount="0"/>
        <line num="29" count="1" type="stmt"/>
        <line num="34" count="3" type="stmt"/>
        <line num="35" count="3" type="stmt"/>
        <line num="36" count="3" type="cond" truecount="1" falsecount="1"/>
        <line num="38" count="0" type="stmt"/>
        <line num="44" count="8" type="stmt"/>
        <line num="45" count="8" type="stmt"/>
        <line num="46" count="8" type="cond" truecount="4" falsecount="0"/>
        <line num="47" count="7" type="stmt"/>
        <line num="49" count="1" type="stmt"/>
        <line num="53" count="6" type="stmt"/>
        <line num="81" count="7" type="cond" truecount="2" falsecount="0"/>
        <line num="82" count="7" type="stmt"/>
        <line num="84" count="7" type="stmt"/>
        <line num="97" count="7" type="cond" truecount="2" falsecount="0"/>
        <line num="98" count="1" type="stmt"/>
        <line num="99" count="1" type="stmt"/>
        <line num="100" count="1" type="stmt"/>
        <line num="103" count="6" type="stmt"/>
        <line num="104" count="7" type="cond" truecount="2" falsecount="0"/>
        <line num="105" count="1" type="stmt"/>
        <line num="106" count="1" type="stmt"/>
        <line num="109" count="5" type="stmt"/>
        <line num="110" count="5" type="stmt"/>
        <line num="112" count="5" type="stmt"/>
        <line num="113" count="5" type="stmt"/>
        <line num="114" count="10" type="stmt"/>
        <line num="115" count="10" type="cond" truecount="2" falsecount="0"/>
        <line num="117" count="9" type="stmt"/>
        <line num="118" count="9" type="stmt"/>
        <line num="119" count="9" type="cond" truecount="1" falsecount="1"/>
        <line num="121" count="10" type="stmt"/>
        <line num="122" count="18" type="stmt"/>
        <line num="123" count="18" type="cond" truecount="4" falsecount="0"/>
        <line num="124" count="11" type="stmt"/>
        <line num="125" count="11" type="cond" truecount="2" falsecount="0"/>
        <line num="126" count="4" type="stmt"/>
        <line num="127" count="4" type="stmt"/>
        <line num="129" count="7" type="stmt"/>
        <line num="130" count="7" type="stmt"/>
        <line num="131" count="7" type="stmt"/>
        <line num="132" count="18" type="cond" truecount="2" falsecount="0"/>
        <line num="133" count="6" type="stmt"/>
        <line num="140" count="1" type="stmt"/>
        <line num="142" count="0" type="cond" truecount="0" falsecount="2"/>
        <line num="152" count="4" type="stmt"/>
      </file>
      <file name="db.service.ts" path="D:\Seed\OneBook\electron\services\db.service.ts">
        <metrics statements="37" coveredstatements="37" conditionals="2" coveredconditionals="2" methods="22" coveredmethods="22"/>
        <line num="15" count="58" type="stmt"/>
        <line num="16" count="58" type="stmt"/>
        <line num="17" count="58" type="stmt"/>
        <line num="18" count="58" type="stmt"/>
        <line num="20" count="58" type="stmt"/>
        <line num="68" count="58" type="stmt"/>
        <line num="74" count="10" type="stmt"/>
        <line num="78" count="44" type="stmt"/>
        <line num="79" count="44" type="stmt"/>
        <line num="80" count="44" type="stmt"/>
        <line num="84" count="3" type="stmt"/>
        <line num="88" count="4" type="stmt"/>
        <line num="94" count="16" type="stmt"/>
        <line num="98" count="3" type="stmt"/>
        <line num="102" count="25" type="stmt"/>
        <line num="103" count="25" type="stmt"/>
        <line num="104" count="25" type="stmt"/>
        <line num="108" count="4" type="stmt"/>
        <line num="114" count="9" type="stmt"/>
        <line num="118" count="19" type="stmt"/>
        <line num="119" count="19" type="stmt"/>
        <line num="120" count="19" type="stmt"/>
        <line num="124" count="2" type="stmt"/>
        <line num="128" count="2" type="stmt"/>
        <line num="134" count="16" type="stmt"/>
        <line num="138" count="20" type="stmt"/>
        <line num="139" count="20" type="stmt"/>
        <line num="140" count="20" type="stmt"/>
        <line num="146" count="6" type="stmt"/>
        <line num="150" count="4" type="stmt"/>
        <line num="151" count="4" type="stmt"/>
        <line num="152" count="4" type="stmt"/>
        <line num="158" count="9" type="stmt"/>
        <line num="159" count="9" type="cond" truecount="2" falsecount="0"/>
        <line num="163" count="13" type="stmt"/>
        <line num="167" count="4" type="stmt"/>
        <line num="168" count="7" type="stmt"/>
      </file>
      <file name="export.service.ts" path="D:\Seed\OneBook\electron\services\export.service.ts">
        <metrics statements="26" coveredstatements="26" conditionals="14" coveredconditionals="14" methods="4" coveredmethods="4"/>
        <line num="13" count="2" type="stmt"/>
        <line num="18" count="2" type="cond" truecount="2" falsecount="0"/>
        <line num="19" count="1" type="stmt"/>
        <line num="25" count="3" type="stmt"/>
        <line num="30" count="3" type="cond" truecount="2" falsecount="0"/>
        <line num="32" count="2" type="stmt"/>
        <line num="33" count="7" type="cond" truecount="2" falsecount="0"/>
        <line num="34" count="2" type="stmt"/>
        <line num="36" count="5" type="cond" truecount="2" falsecount="0"/>
        <line num="37" count="2" type="stmt"/>
        <line num="39" count="3" type="cond" truecount="2" falsecount="0"/>
        <line num="40" count="1" type="stmt"/>
        <line num="42" count="2" type="stmt"/>
        <line num="45" count="2" type="stmt"/>
        <line num="46" count="2" type="stmt"/>
        <line num="47" count="2" type="stmt"/>
        <line num="52" count="3" type="stmt"/>
        <line num="57" count="3" type="cond" truecount="2" falsecount="0"/>
        <line num="59" count="2" type="stmt"/>
        <line num="60" count="2" type="stmt"/>
        <line num="61" count="2" type="stmt"/>
        <line num="62" count="2" type="stmt"/>
        <line num="63" count="52" type="cond" truecount="2" falsecount="0"/>
        <line num="64" count="52" type="stmt"/>
        <line num="65" count="52" type="stmt"/>
        <line num="67" count="2" type="stmt"/>
      </file>
      <file name="file.service.ts" path="D:\Seed\OneBook\electron\services\file.service.ts">
        <metrics statements="26" coveredstatements="26" conditionals="8" coveredconditionals="8" methods="6" coveredmethods="6"/>
        <line num="15" count="3" type="stmt"/>
        <line num="20" count="3" type="stmt"/>
        <line num="21" count="3" type="stmt"/>
        <line num="22" count="3" type="stmt"/>
        <line num="23" count="3" type="stmt"/>
        <line num="24" count="2" type="stmt"/>
        <line num="26" count="3" type="stmt"/>
        <line num="31" count="5" type="stmt"/>
        <line num="32" count="5" type="cond" truecount="2" falsecount="0"/>
        <line num="33" count="2" type="stmt"/>
        <line num="35" count="3" type="cond" truecount="4" falsecount="0"/>
        <line num="36" count="2" type="stmt"/>
        <line num="38" count="1" type="stmt"/>
        <line num="43" count="1" type="stmt"/>
        <line num="48" count="1" type="stmt"/>
        <line num="49" count="1" type="stmt"/>
        <line num="50" count="1" type="stmt"/>
        <line num="51" count="1" type="stmt"/>
        <line num="52" count="1" type="stmt"/>
        <line num="53" count="1" type="stmt"/>
        <line num="54" count="1" type="stmt"/>
        <line num="59" count="2" type="stmt"/>
        <line num="60" count="2" type="cond" truecount="2" falsecount="0"/>
        <line num="61" count="1" type="stmt"/>
        <line num="62" count="1" type="stmt"/>
        <line num="68" count="1" type="stmt"/>
      </file>
    </package>
    <package name="shared">
      <metrics statements="5" coveredstatements="5" conditionals="0" coveredconditionals="0" methods="0" coveredmethods="0"/>
      <file name="constants.ts" path="D:\Seed\OneBook\shared\constants.ts">
        <metrics statements="4" coveredstatements="4" conditionals="0" coveredconditionals="0" methods="0" coveredmethods="0"/>
        <line num="7" count="6" type="stmt"/>
        <line num="19" count="6" type="stmt"/>
        <line num="25" count="6" type="stmt"/>
        <line num="28" count="6" type="stmt"/>
      </file>
      <file name="ipc-channels.ts" path="D:\Seed\OneBook\shared\ipc-channels.ts">
        <metrics statements="1" coveredstatements="1" conditionals="0" coveredconditionals="0" methods="0" coveredmethods="0"/>
        <line num="6" count="5" type="stmt"/>
      </file>
    </package>
    <package name="src.stores">
      <metrics statements="48" coveredstatements="41" conditionals="30" coveredconditionals="26" methods="53" coveredmethods="46"/>
      <file name="chatStore.ts" path="D:\Seed\OneBook\src\stores\chatStore.ts">
        <metrics statements="11" coveredstatements="9" conditionals="4" coveredconditionals="4" methods="15" coveredmethods="13"/>
        <line num="21" count="1" type="stmt"/>
        <line num="27" count="1" type="stmt"/>
        <line num="28" count="0" type="stmt"/>
        <line num="29" count="0" type="stmt"/>
        <line num="30" count="1" type="stmt"/>
        <line num="31" count="3" type="stmt"/>
        <line num="32" count="1" type="stmt"/>
        <line num="33" count="2" type="stmt"/>
        <line num="34" count="1" type="stmt"/>
        <line num="35" count="2" type="stmt"/>
        <line num="36" count="3" type="stmt"/>
      </file>
      <file name="documentStore.ts" path="D:\Seed\OneBook\src\stores\documentStore.ts">
        <metrics statements="14" coveredstatements="11" conditionals="8" coveredconditionals="6" methods="17" coveredmethods="14"/>
        <line num="19" count="1" type="stmt"/>
        <line num="24" count="1" type="stmt"/>
        <line num="25" count="0" type="stmt"/>
        <line num="26" count="0" type="stmt"/>
        <line num="27" count="0" type="stmt"/>
        <line num="28" count="1" type="stmt"/>
        <line num="29" count="1" type="stmt"/>
        <line num="30" count="1" type="stmt"/>
        <line num="31" count="1" type="stmt"/>
        <line num="34" count="3" type="stmt"/>
        <line num="36" count="1" type="cond" truecount="2" falsecount="0"/>
        <line num="40" count="2" type="stmt"/>
        <line num="41" count="3" type="stmt"/>
        <line num="42" count="2" type="stmt"/>
      </file>
      <file name="projectStore.ts" path="D:\Seed\OneBook\src\stores\projectStore.ts">
        <metrics statements="9" coveredstatements="8" conditionals="6" coveredconditionals="5" methods="12" coveredmethods="11"/>
        <line num="16" count="1" type="stmt"/>
        <line num="20" count="1" type="stmt"/>
        <line num="21" count="0" type="stmt"/>
        <line num="22" count="1" type="stmt"/>
        <line num="23" count="1" type="stmt"/>
        <line num="24" count="3" type="stmt"/>
        <line num="25" count="5" type="stmt"/>
        <line num="28" count="2" type="stmt"/>
        <line num="29" count="2" type="cond" truecount="1" falsecount="1"/>
      </file>
      <file name="settingsStore.ts" path="D:\Seed\OneBook\src\stores\settingsStore.ts">
        <metrics statements="14" coveredstatements="13" conditionals="12" coveredconditionals="11" methods="9" coveredmethods="8"/>
        <line num="22" count="1" type="stmt"/>
        <line num="30" count="1" type="stmt"/>
        <line num="31" count="1" type="stmt"/>
        <line num="32" count="1" type="stmt"/>
        <line num="33" count="1" type="stmt"/>
        <line num="34" count="0" type="stmt"/>
        <line num="35" count="1" type="stmt"/>
        <line num="36" count="1" type="stmt"/>
        <line num="38" count="3" type="stmt"/>
        <line num="39" count="3" type="stmt"/>
        <line num="40" count="2" type="cond" truecount="1" falsecount="1"/>
        <line num="41" count="2" type="stmt"/>
        <line num="48" count="2" type="stmt"/>
        <line num="49" count="2" type="cond" truecount="2" falsecount="0"/>
      </file>
    </package>
  </project>
</coverage>
