{"D:\\Seed\\OneBook\\electron\\__tests__\\mock-sqlite.ts": {"path":"D:\\Seed\\OneBook\\electron\\__tests__\\mock-sqlite.ts","statementMap":{"0":{"start":{"line":10,"column":68},"end":{"line":10,"column":null}},"1":{"start":{"line":12,"column":102},"end":{"line":12,"column":null}},"2":{"start":{"line":13,"column":20},"end":{"line":13,"column":null}},"3":{"start":{"line":21,"column":18},"end":{"line":21,"column":null}},"4":{"start":{"line":22,"column":4},"end":{"line":53,"column":null}},"5":{"start":{"line":23,"column":6},"end":{"line":23,"column":null}},"6":{"start":{"line":23,"column":52},"end":{"line":23,"column":null}},"7":{"start":{"line":24,"column":29},"end":{"line":24,"column":null}},"8":{"start":{"line":25,"column":6},"end":{"line":25,"column":null}},"9":{"start":{"line":25,"column":27},"end":{"line":25,"column":null}},"10":{"start":{"line":26,"column":24},"end":{"line":26,"column":null}},"11":{"start":{"line":30,"column":22},"end":{"line":30,"column":null}},"12":{"start":{"line":31,"column":6},"end":{"line":31,"column":null}},"13":{"start":{"line":31,"column":23},"end":{"line":31,"column":null}},"14":{"start":{"line":32,"column":19},"end":{"line":32,"column":null}},"15":{"start":{"line":35,"column":22},"end":{"line":38,"column":null}},"16":{"start":{"line":37,"column":20},"end":{"line":37,"column":44}},"17":{"start":{"line":38,"column":23},"end":{"line":38,"column":78}},"18":{"start":{"line":39,"column":6},"end":{"line":41,"column":null}},"19":{"start":{"line":40,"column":8},"end":{"line":40,"column":null}},"20":{"start":{"line":44,"column":22},"end":{"line":44,"column":null}},"21":{"start":{"line":46,"column":83},"end":{"line":46,"column":null}},"22":{"start":{"line":47,"column":6},"end":{"line":49,"column":null}},"23":{"start":{"line":48,"column":8},"end":{"line":48,"column":null}},"24":{"start":{"line":50,"column":6},"end":{"line":52,"column":null}},"25":{"start":{"line":51,"column":8},"end":{"line":51,"column":null}},"26":{"start":{"line":57,"column":4},"end":{"line":57,"column":null}},"27":{"start":{"line":61,"column":4},"end":{"line":61,"column":null}},"28":{"start":{"line":65,"column":4},"end":{"line":65,"column":null}},"29":{"start":{"line":71,"column":12},"end":{"line":71,"column":null}},"30":{"start":{"line":72,"column":12},"end":{"line":72,"column":null}},"31":{"start":{"line":73,"column":12},"end":{"line":73,"column":104}},"32":{"start":{"line":77,"column":16},"end":{"line":77,"column":null}},"33":{"start":{"line":80,"column":4},"end":{"line":107,"column":null}},"34":{"start":{"line":81,"column":25},"end":{"line":81,"column":null}},"35":{"start":{"line":82,"column":6},"end":{"line":82,"column":null}},"36":{"start":{"line":82,"column":23},"end":{"line":82,"column":null}},"37":{"start":{"line":83,"column":24},"end":{"line":83,"column":null}},"38":{"start":{"line":84,"column":20},"end":{"line":84,"column":null}},"39":{"start":{"line":85,"column":6},"end":{"line":85,"column":null}},"40":{"start":{"line":85,"column":18},"end":{"line":85,"column":null}},"41":{"start":{"line":87,"column":23},"end":{"line":87,"column":null}},"42":{"start":{"line":88,"column":6},"end":{"line":88,"column":null}},"43":{"start":{"line":88,"column":21},"end":{"line":88,"column":null}},"44":{"start":{"line":89,"column":22},"end":{"line":89,"column":null}},"45":{"start":{"line":89,"column":56},"end":{"line":89,"column":64}},"46":{"start":{"line":92,"column":6},"end":{"line":99,"column":null}},"47":{"start":{"line":93,"column":22},"end":{"line":93,"column":null}},"48":{"start":{"line":94,"column":22},"end":{"line":94,"column":null}},"49":{"start":{"line":95,"column":8},"end":{"line":98,"column":null}},"50":{"start":{"line":96,"column":24},"end":{"line":96,"column":null}},"51":{"start":{"line":97,"column":10},"end":{"line":97,"column":null}},"52":{"start":{"line":97,"column":48},"end":{"line":97,"column":66}},"53":{"start":{"line":101,"column":23},"end":{"line":101,"column":null}},"54":{"start":{"line":102,"column":6},"end":{"line":104,"column":null}},"55":{"start":{"line":103,"column":8},"end":{"line":103,"column":null}},"56":{"start":{"line":105,"column":6},"end":{"line":105,"column":null}},"57":{"start":{"line":106,"column":6},"end":{"line":106,"column":null}},"58":{"start":{"line":110,"column":4},"end":{"line":136,"column":null}},"59":{"start":{"line":111,"column":25},"end":{"line":111,"column":null}},"60":{"start":{"line":112,"column":6},"end":{"line":112,"column":null}},"61":{"start":{"line":112,"column":23},"end":{"line":112,"column":null}},"62":{"start":{"line":113,"column":24},"end":{"line":113,"column":null}},"63":{"start":{"line":114,"column":20},"end":{"line":114,"column":null}},"64":{"start":{"line":115,"column":6},"end":{"line":115,"column":null}},"65":{"start":{"line":115,"column":18},"end":{"line":115,"column":null}},"66":{"start":{"line":117,"column":23},"end":{"line":117,"column":null}},"67":{"start":{"line":118,"column":6},"end":{"line":118,"column":null}},"68":{"start":{"line":118,"column":21},"end":{"line":118,"column":null}},"69":{"start":{"line":119,"column":22},"end":{"line":119,"column":null}},"70":{"start":{"line":119,"column":56},"end":{"line":119,"column":84}},"71":{"start":{"line":121,"column":25},"end":{"line":121,"column":null}},"72":{"start":{"line":122,"column":23},"end":{"line":122,"column":null}},"73":{"start":{"line":124,"column":20},"end":{"line":124,"column":null}},"74":{"start":{"line":125,"column":6},"end":{"line":134,"column":null}},"75":{"start":{"line":126,"column":8},"end":{"line":129,"column":null}},"76":{"start":{"line":127,"column":27},"end":{"line":127,"column":null}},"77":{"start":{"line":128,"column":10},"end":{"line":128,"column":null}},"78":{"start":{"line":128,"column":42},"end":{"line":128,"column":null}},"79":{"start":{"line":130,"column":8},"end":{"line":132,"column":null}},"80":{"start":{"line":131,"column":10},"end":{"line":131,"column":null}},"81":{"start":{"line":133,"column":8},"end":{"line":133,"column":null}},"82":{"start":{"line":135,"column":6},"end":{"line":135,"column":null}},"83":{"start":{"line":139,"column":4},"end":{"line":161,"column":null}},"84":{"start":{"line":140,"column":25},"end":{"line":140,"column":null}},"85":{"start":{"line":141,"column":6},"end":{"line":141,"column":null}},"86":{"start":{"line":141,"column":23},"end":{"line":141,"column":null}},"87":{"start":{"line":142,"column":24},"end":{"line":142,"column":null}},"88":{"start":{"line":143,"column":20},"end":{"line":143,"column":null}},"89":{"start":{"line":144,"column":6},"end":{"line":144,"column":null}},"90":{"start":{"line":144,"column":18},"end":{"line":144,"column":null}},"91":{"start":{"line":146,"column":25},"end":{"line":146,"column":null}},"92":{"start":{"line":148,"column":6},"end":{"line":155,"column":null}},"93":{"start":{"line":149,"column":8},"end":{"line":149,"column":null}},"94":{"start":{"line":150,"column":8},"end":{"line":150,"column":null}},"95":{"start":{"line":152,"column":25},"end":{"line":152,"column":null}},"96":{"start":{"line":153,"column":8},"end":{"line":153,"column":null}},"97":{"start":{"line":153,"column":47},"end":{"line":153,"column":72}},"98":{"start":{"line":154,"column":8},"end":{"line":154,"column":null}},"99":{"start":{"line":154,"column":46},"end":{"line":154,"column":71}},"100":{"start":{"line":158,"column":6},"end":{"line":158,"column":null}},"101":{"start":{"line":160,"column":6},"end":{"line":160,"column":null}},"102":{"start":{"line":163,"column":4},"end":{"line":163,"column":null}},"103":{"start":{"line":168,"column":4},"end":{"line":168,"column":null}},"104":{"start":{"line":168,"column":34},"end":{"line":168,"column":null}},"105":{"start":{"line":169,"column":4},"end":{"line":186,"column":null}},"106":{"start":{"line":170,"column":6},"end":{"line":185,"column":null}},"107":{"start":{"line":171,"column":8},"end":{"line":184,"column":null}},"108":{"start":{"line":172,"column":27},"end":{"line":172,"column":null}},"109":{"start":{"line":173,"column":10},"end":{"line":183,"column":null}},"110":{"start":{"line":174,"column":40},"end":{"line":174,"column":null}},"111":{"start":{"line":175,"column":12},"end":{"line":180,"column":null}},"112":{"start":{"line":176,"column":32},"end":{"line":176,"column":null}},"113":{"start":{"line":177,"column":30},"end":{"line":177,"column":null}},"114":{"start":{"line":177,"column":58},"end":{"line":177,"column":84}},"115":{"start":{"line":178,"column":14},"end":{"line":178,"column":null}},"116":{"start":{"line":179,"column":14},"end":{"line":179,"column":null}},"117":{"start":{"line":179,"column":58},"end":{"line":179,"column":84}},"118":{"start":{"line":182,"column":12},"end":{"line":182,"column":null}},"119":{"start":{"line":190,"column":16},"end":{"line":190,"column":null}},"120":{"start":{"line":191,"column":23},"end":{"line":191,"column":null}},"121":{"start":{"line":192,"column":4},"end":{"line":192,"column":null}},"122":{"start":{"line":192,"column":21},"end":{"line":192,"column":null}},"123":{"start":{"line":193,"column":22},"end":{"line":193,"column":null}},"124":{"start":{"line":194,"column":18},"end":{"line":194,"column":null}},"125":{"start":{"line":195,"column":4},"end":{"line":195,"column":null}},"126":{"start":{"line":195,"column":16},"end":{"line":195,"column":null}},"127":{"start":{"line":197,"column":15},"end":{"line":197,"column":null}},"128":{"start":{"line":200,"column":23},"end":{"line":200,"column":null}},"129":{"start":{"line":201,"column":4},"end":{"line":203,"column":null}},"130":{"start":{"line":202,"column":6},"end":{"line":202,"column":null}},"131":{"start":{"line":202,"column":32},"end":{"line":202,"column":62}},"132":{"start":{"line":206,"column":23},"end":{"line":206,"column":null}},"133":{"start":{"line":207,"column":4},"end":{"line":215,"column":null}},"134":{"start":{"line":208,"column":18},"end":{"line":208,"column":null}},"135":{"start":{"line":209,"column":19},"end":{"line":209,"column":null}},"136":{"start":{"line":210,"column":6},"end":{"line":214,"column":null}},"137":{"start":{"line":211,"column":19},"end":{"line":211,"column":null}},"138":{"start":{"line":212,"column":19},"end":{"line":212,"column":null}},"139":{"start":{"line":213,"column":8},"end":{"line":213,"column":null}},"140":{"start":{"line":217,"column":4},"end":{"line":217,"column":null}},"141":{"start":{"line":221,"column":20},"end":{"line":221,"column":null}},"142":{"start":{"line":222,"column":4},"end":{"line":222,"column":null}}},"fnMap":{"0":{"name":"pragma","decl":{"start":{"line":15,"column":2},"end":{"line":15,"column":9}},"loc":{"start":{"line":15,"column":29},"end":{"line":17,"column":null}},"line":15},"1":{"name":"exec","decl":{"start":{"line":19,"column":2},"end":{"line":19,"column":7}},"loc":{"start":{"line":19,"column":26},"end":{"line":54,"column":null}},"line":19},"2":{"name":"(anonymous_2)","decl":{"start":{"line":37,"column":13},"end":{"line":37,"column":14}},"loc":{"start":{"line":37,"column":20},"end":{"line":37,"column":44}},"line":37},"3":{"name":"(anonymous_3)","decl":{"start":{"line":38,"column":16},"end":{"line":38,"column":17}},"loc":{"start":{"line":38,"column":23},"end":{"line":38,"column":78}},"line":38},"4":{"name":"prepare","decl":{"start":{"line":56,"column":2},"end":{"line":56,"column":10}},"loc":{"start":{"line":56,"column":38},"end":{"line":58,"column":null}},"line":56},"5":{"name":"close","decl":{"start":{"line":60,"column":2},"end":{"line":60,"column":16}},"loc":{"start":{"line":60,"column":16},"end":{"line":62,"column":null}},"line":60},"6":{"name":"closed","decl":{"start":{"line":64,"column":6},"end":{"line":64,"column":24}},"loc":{"start":{"line":64,"column":24},"end":{"line":66,"column":null}},"line":64},"7":{"name":"constructor","decl":{"start":{"line":70,"column":2},"end":{"line":70,"column":null}},"loc":{"start":{"line":74,"column":4},"end":{"line":74,"column":null}},"line":74},"8":{"name":"run","decl":{"start":{"line":76,"column":2},"end":{"line":76,"column":9}},"loc":{"start":{"line":76,"column":49},"end":{"line":164,"column":null}},"line":76},"9":{"name":"(anonymous_9)","decl":{"start":{"line":89,"column":49},"end":{"line":89,"column":50}},"loc":{"start":{"line":89,"column":56},"end":{"line":89,"column":64}},"line":89},"10":{"name":"(anonymous_10)","decl":{"start":{"line":97,"column":41},"end":{"line":97,"column":42}},"loc":{"start":{"line":97,"column":48},"end":{"line":97,"column":66}},"line":97},"11":{"name":"(anonymous_11)","decl":{"start":{"line":102,"column":22},"end":{"line":102,"column":23}},"loc":{"start":{"line":102,"column":34},"end":{"line":104,"column":7}},"line":102},"12":{"name":"(anonymous_12)","decl":{"start":{"line":119,"column":49},"end":{"line":119,"column":50}},"loc":{"start":{"line":119,"column":56},"end":{"line":119,"column":84}},"line":119},"13":{"name":"(anonymous_13)","decl":{"start":{"line":130,"column":24},"end":{"line":130,"column":25}},"loc":{"start":{"line":130,"column":36},"end":{"line":132,"column":9}},"line":130},"14":{"name":"(anonymous_14)","decl":{"start":{"line":153,"column":40},"end":{"line":153,"column":41}},"loc":{"start":{"line":153,"column":47},"end":{"line":153,"column":72}},"line":153},"15":{"name":"(anonymous_15)","decl":{"start":{"line":154,"column":39},"end":{"line":154,"column":40}},"loc":{"start":{"line":154,"column":46},"end":{"line":154,"column":71}},"line":154},"16":{"name":"cascadeDelete","decl":{"start":{"line":167,"column":10},"end":{"line":167,"column":24}},"loc":{"start":{"line":167,"column":75},"end":{"line":187,"column":null}},"line":167},"17":{"name":"(anonymous_17)","decl":{"start":{"line":177,"column":51},"end":{"line":177,"column":52}},"loc":{"start":{"line":177,"column":58},"end":{"line":177,"column":84}},"line":177},"18":{"name":"(anonymous_18)","decl":{"start":{"line":179,"column":51},"end":{"line":179,"column":52}},"loc":{"start":{"line":179,"column":58},"end":{"line":179,"column":84}},"line":179},"19":{"name":"all","decl":{"start":{"line":189,"column":2},"end":{"line":189,"column":9}},"loc":{"start":{"line":189,"column":35},"end":{"line":218,"column":null}},"line":189},"20":{"name":"(anonymous_20)","decl":{"start":{"line":202,"column":25},"end":{"line":202,"column":26}},"loc":{"start":{"line":202,"column":32},"end":{"line":202,"column":62}},"line":202},"21":{"name":"(anonymous_21)","decl":{"start":{"line":210,"column":16},"end":{"line":210,"column":17}},"loc":{"start":{"line":210,"column":26},"end":{"line":214,"column":7}},"line":210},"22":{"name":"get","decl":{"start":{"line":220,"column":2},"end":{"line":220,"column":9}},"loc":{"start":{"line":220,"column":45},"end":{"line":223,"column":null}},"line":220}},"branchMap":{"0":{"loc":{"start":{"line":23,"column":6},"end":{"line":23,"column":null}},"type":"if","locations":[{"start":{"line":23,"column":6},"end":{"line":23,"column":null}},{"start":{},"end":{}}],"line":23},"1":{"loc":{"start":{"line":23,"column":10},"end":{"line":23,"column":52}},"type":"binary-expr","locations":[{"start":{"line":23,"column":10},"end":{"line":23,"column":26}},{"start":{"line":23,"column":26},"end":{"line":23,"column":52}}],"line":23},"2":{"loc":{"start":{"line":25,"column":6},"end":{"line":25,"column":null}},"type":"if","locations":[{"start":{"line":25,"column":6},"end":{"line":25,"column":null}},{"start":{},"end":{}}],"line":25},"3":{"loc":{"start":{"line":31,"column":6},"end":{"line":31,"column":null}},"type":"if","locations":[{"start":{"line":31,"column":6},"end":{"line":31,"column":null}},{"start":{},"end":{}}],"line":31},"4":{"loc":{"start":{"line":38,"column":23},"end":{"line":38,"column":78}},"type":"binary-expr","locations":[{"start":{"line":38,"column":23},"end":{"line":38,"column":28}},{"start":{"line":38,"column":28},"end":{"line":38,"column":56}},{"start":{"line":38,"column":56},"end":{"line":38,"column":78}}],"line":38},"5":{"loc":{"start":{"line":39,"column":6},"end":{"line":41,"column":null}},"type":"if","locations":[{"start":{"line":39,"column":6},"end":{"line":41,"column":null}},{"start":{},"end":{}}],"line":39},"6":{"loc":{"start":{"line":50,"column":6},"end":{"line":52,"column":null}},"type":"if","locations":[{"start":{"line":50,"column":6},"end":{"line":52,"column":null}},{"start":{},"end":{}}],"line":50},"7":{"loc":{"start":{"line":73,"column":12},"end":{"line":73,"column":null}},"type":"default-arg","locations":[{"start":{"line":73,"column":104},"end":{"line":73,"column":null}}],"line":73},"8":{"loc":{"start":{"line":80,"column":4},"end":{"line":107,"column":null}},"type":"if","locations":[{"start":{"line":80,"column":4},"end":{"line":107,"column":null}},{"start":{},"end":{}}],"line":80},"9":{"loc":{"start":{"line":82,"column":6},"end":{"line":82,"column":null}},"type":"if","locations":[{"start":{"line":82,"column":6},"end":{"line":82,"column":null}},{"start":{},"end":{}}],"line":82},"10":{"loc":{"start":{"line":85,"column":6},"end":{"line":85,"column":null}},"type":"if","locations":[{"start":{"line":85,"column":6},"end":{"line":85,"column":null}},{"start":{},"end":{}}],"line":85},"11":{"loc":{"start":{"line":88,"column":6},"end":{"line":88,"column":null}},"type":"if","locations":[{"start":{"line":88,"column":6},"end":{"line":88,"column":null}},{"start":{},"end":{}}],"line":88},"12":{"loc":{"start":{"line":92,"column":6},"end":{"line":99,"column":null}},"type":"if","locations":[{"start":{"line":92,"column":6},"end":{"line":99,"column":null}},{"start":{},"end":{}}],"line":92},"13":{"loc":{"start":{"line":95,"column":8},"end":{"line":98,"column":null}},"type":"if","locations":[{"start":{"line":95,"column":8},"end":{"line":98,"column":null}},{"start":{},"end":{}}],"line":95},"14":{"loc":{"start":{"line":103,"column":19},"end":{"line":103,"column":null}},"type":"binary-expr","locations":[{"start":{"line":103,"column":19},"end":{"line":103,"column":32}},{"start":{"line":103,"column":32},"end":{"line":103,"column":null}}],"line":103},"15":{"loc":{"start":{"line":110,"column":4},"end":{"line":136,"column":null}},"type":"if","locations":[{"start":{"line":110,"column":4},"end":{"line":136,"column":null}},{"start":{},"end":{}}],"line":110},"16":{"loc":{"start":{"line":112,"column":6},"end":{"line":112,"column":null}},"type":"if","locations":[{"start":{"line":112,"column":6},"end":{"line":112,"column":null}},{"start":{},"end":{}}],"line":112},"17":{"loc":{"start":{"line":115,"column":6},"end":{"line":115,"column":null}},"type":"if","locations":[{"start":{"line":115,"column":6},"end":{"line":115,"column":null}},{"start":{},"end":{}}],"line":115},"18":{"loc":{"start":{"line":118,"column":6},"end":{"line":118,"column":null}},"type":"if","locations":[{"start":{"line":118,"column":6},"end":{"line":118,"column":null}},{"start":{},"end":{}}],"line":118},"19":{"loc":{"start":{"line":122,"column":23},"end":{"line":122,"column":null}},"type":"cond-expr","locations":[{"start":{"line":122,"column":36},"end":{"line":122,"column":79}},{"start":{"line":122,"column":79},"end":{"line":122,"column":null}}],"line":122},"20":{"loc":{"start":{"line":126,"column":8},"end":{"line":129,"column":null}},"type":"if","locations":[{"start":{"line":126,"column":8},"end":{"line":129,"column":null}},{"start":{},"end":{}}],"line":126},"21":{"loc":{"start":{"line":128,"column":10},"end":{"line":128,"column":null}},"type":"if","locations":[{"start":{"line":128,"column":10},"end":{"line":128,"column":null}},{"start":{},"end":{}}],"line":128},"22":{"loc":{"start":{"line":139,"column":4},"end":{"line":161,"column":null}},"type":"if","locations":[{"start":{"line":139,"column":4},"end":{"line":161,"column":null}},{"start":{},"end":{}}],"line":139},"23":{"loc":{"start":{"line":141,"column":6},"end":{"line":141,"column":null}},"type":"if","locations":[{"start":{"line":141,"column":6},"end":{"line":141,"column":null}},{"start":{},"end":{}}],"line":141},"24":{"loc":{"start":{"line":144,"column":6},"end":{"line":144,"column":null}},"type":"if","locations":[{"start":{"line":144,"column":6},"end":{"line":144,"column":null}},{"start":{},"end":{}}],"line":144},"25":{"loc":{"start":{"line":148,"column":6},"end":{"line":155,"column":null}},"type":"if","locations":[{"start":{"line":148,"column":6},"end":{"line":155,"column":null}},{"start":{"line":151,"column":13},"end":{"line":155,"column":null}}],"line":148},"26":{"loc":{"start":{"line":168,"column":4},"end":{"line":168,"column":null}},"type":"if","locations":[{"start":{"line":168,"column":4},"end":{"line":168,"column":null}},{"start":{},"end":{}}],"line":168},"27":{"loc":{"start":{"line":171,"column":8},"end":{"line":184,"column":null}},"type":"if","locations":[{"start":{"line":171,"column":8},"end":{"line":184,"column":null}},{"start":{},"end":{}}],"line":171},"28":{"loc":{"start":{"line":173,"column":10},"end":{"line":183,"column":null}},"type":"if","locations":[{"start":{"line":173,"column":10},"end":{"line":183,"column":null}},{"start":{},"end":{}}],"line":173},"29":{"loc":{"start":{"line":192,"column":4},"end":{"line":192,"column":null}},"type":"if","locations":[{"start":{"line":192,"column":4},"end":{"line":192,"column":null}},{"start":{},"end":{}}],"line":192},"30":{"loc":{"start":{"line":195,"column":4},"end":{"line":195,"column":null}},"type":"if","locations":[{"start":{"line":195,"column":4},"end":{"line":195,"column":null}},{"start":{},"end":{}}],"line":195},"31":{"loc":{"start":{"line":201,"column":4},"end":{"line":203,"column":null}},"type":"if","locations":[{"start":{"line":201,"column":4},"end":{"line":203,"column":null}},{"start":{},"end":{}}],"line":201},"32":{"loc":{"start":{"line":201,"column":8},"end":{"line":201,"column":41}},"type":"binary-expr","locations":[{"start":{"line":201,"column":8},"end":{"line":201,"column":22}},{"start":{"line":201,"column":22},"end":{"line":201,"column":41}}],"line":201},"33":{"loc":{"start":{"line":207,"column":4},"end":{"line":215,"column":null}},"type":"if","locations":[{"start":{"line":207,"column":4},"end":{"line":215,"column":null}},{"start":{},"end":{}}],"line":207},"34":{"loc":{"start":{"line":211,"column":26},"end":{"line":211,"column":38}},"type":"binary-expr","locations":[{"start":{"line":211,"column":26},"end":{"line":211,"column":36}},{"start":{"line":211,"column":36},"end":{"line":211,"column":38}}],"line":211},"35":{"loc":{"start":{"line":212,"column":26},"end":{"line":212,"column":38}},"type":"binary-expr","locations":[{"start":{"line":212,"column":26},"end":{"line":212,"column":36}},{"start":{"line":212,"column":36},"end":{"line":212,"column":38}}],"line":212},"36":{"loc":{"start":{"line":213,"column":15},"end":{"line":213,"column":null}},"type":"cond-expr","locations":[{"start":{"line":213,"column":22},"end":{"line":213,"column":45}},{"start":{"line":213,"column":45},"end":{"line":213,"column":null}}],"line":213}},"s":{"0":58,"1":58,"2":58,"3":58,"4":58,"5":406,"6":58,"7":348,"8":348,"9":0,"10":348,"11":348,"12":348,"13":0,"14":348,"15":348,"16":2088,"17":2088,"18":348,"19":348,"20":348,"21":348,"22":348,"23":290,"24":348,"25":232,"26":213,"27":52,"28":0,"29":213,"30":213,"31":213,"32":140,"33":140,"34":125,"35":125,"36":0,"37":125,"38":125,"39":125,"40":0,"41":125,"42":125,"43":0,"44":125,"45":661,"46":125,"47":13,"48":13,"49":13,"50":13,"51":13,"52":9,"53":125,"54":125,"55":661,"56":125,"57":125,"58":15,"59":5,"60":5,"61":0,"62":5,"63":5,"64":5,"65":0,"66":5,"67":5,"68":0,"69":5,"70":11,"71":5,"72":5,"73":5,"74":5,"75":6,"76":6,"77":6,"78":1,"79":5,"80":11,"81":5,"82":5,"83":10,"84":10,"85":10,"86":0,"87":10,"88":10,"89":10,"90":0,"91":10,"92":10,"93":0,"94":0,"95":10,"96":10,"97":15,"98":10,"99":15,"100":10,"101":10,"102":0,"103":35,"104":14,"105":21,"106":84,"107":105,"108":25,"109":25,"110":25,"111":25,"112":27,"113":27,"114":17,"115":27,"116":27,"117":17,"118":25,"119":73,"120":73,"121":73,"122":0,"123":73,"124":73,"125":73,"126":0,"127":73,"128":73,"129":73,"130":59,"131":73,"132":73,"133":73,"134":57,"135":57,"136":57,"137":16,"138":16,"139":16,"140":73,"141":12,"142":12},"f":{"0":116,"1":58,"2":2088,"3":2088,"4":213,"5":52,"6":0,"7":213,"8":140,"9":661,"10":9,"11":661,"12":11,"13":11,"14":15,"15":15,"16":35,"17":17,"18":17,"19":73,"20":73,"21":16,"22":12},"b":{"0":[58,348],"1":[406,348],"2":[0,348],"3":[0,348],"4":[2088,2088,2088],"5":[348,0],"6":[232,116],"7":[213],"8":[125,15],"9":[0,125],"10":[0,125],"11":[0,125],"12":[13,112],"13":[13,0],"14":[661,31],"15":[5,10],"16":[0,5],"17":[0,5],"18":[0,5],"19":[5,0],"20":[6,0],"21":[1,5],"22":[10,0],"23":[0,10],"24":[0,10],"25":[0,10],"26":[14,21],"27":[25,80],"28":[25,0],"29":[0,73],"30":[0,73],"31":[59,14],"32":[73,59],"33":[57,16],"34":[16,0],"35":[16,0],"36":[7,9]},"meta":{"lastBranch":37,"lastFunction":23,"lastStatement":143,"seen":{"s:10:68:10:Infinity":0,"s:12:102:12:Infinity":1,"s:13:20:13:Infinity":2,"f:15:2:15:9":0,"f:19:2:19:7":1,"s:21:18:21:Infinity":3,"s:22:4:53:Infinity":4,"b:23:6:23:Infinity:undefined:undefined:undefined:undefined":0,"s:23:6:23:Infinity":5,"b:23:10:23:26:23:26:23:52":1,"s:23:52:23:Infinity":6,"s:24:29:24:Infinity":7,"b:25:6:25:Infinity:undefined:undefined:undefined:undefined":2,"s:25:6:25:Infinity":8,"s:25:27:25:Infinity":9,"s:26:24:26:Infinity":10,"s:30:22:30:Infinity":11,"b:31:6:31:Infinity:undefined:undefined:undefined:undefined":3,"s:31:6:31:Infinity":12,"s:31:23:31:Infinity":13,"s:32:19:32:Infinity":14,"s:35:22:38:Infinity":15,"f:37:13:37:14":2,"s:37:20:37:44":16,"f:38:16:38:17":3,"s:38:23:38:78":17,"b:38:23:38:28:38:28:38:56:38:56:38:78":4,"b:39:6:41:Infinity:undefined:undefined:undefined:undefined":5,"s:39:6:41:Infinity":18,"s:40:8:40:Infinity":19,"s:44:22:44:Infinity":20,"s:46:83:46:Infinity":21,"s:47:6:49:Infinity":22,"s:48:8:48:Infinity":23,"b:50:6:52:Infinity:undefined:undefined:undefined:undefined":6,"s:50:6:52:Infinity":24,"s:51:8:51:Infinity":25,"f:56:2:56:10":4,"s:57:4:57:Infinity":26,"f:60:2:60:16":5,"s:61:4:61:Infinity":27,"f:64:6:64:24":6,"s:65:4:65:Infinity":28,"f:70:2:70:Infinity":7,"b:73:104:73:Infinity":7,"s:71:12:71:Infinity":29,"s:72:12:72:Infinity":30,"s:73:12:73:104":31,"f:76:2:76:9":8,"s:77:16:77:Infinity":32,"b:80:4:107:Infinity:undefined:undefined:undefined:undefined":8,"s:80:4:107:Infinity":33,"s:81:25:81:Infinity":34,"b:82:6:82:Infinity:undefined:undefined:undefined:undefined":9,"s:82:6:82:Infinity":35,"s:82:23:82:Infinity":36,"s:83:24:83:Infinity":37,"s:84:20:84:Infinity":38,"b:85:6:85:Infinity:undefined:undefined:undefined:undefined":10,"s:85:6:85:Infinity":39,"s:85:18:85:Infinity":40,"s:87:23:87:Infinity":41,"b:88:6:88:Infinity:undefined:undefined:undefined:undefined":11,"s:88:6:88:Infinity":42,"s:88:21:88:Infinity":43,"s:89:22:89:Infinity":44,"f:89:49:89:50":9,"s:89:56:89:64":45,"b:92:6:99:Infinity:undefined:undefined:undefined:undefined":12,"s:92:6:99:Infinity":46,"s:93:22:93:Infinity":47,"s:94:22:94:Infinity":48,"b:95:8:98:Infinity:undefined:undefined:undefined:undefined":13,"s:95:8:98:Infinity":49,"s:96:24:96:Infinity":50,"s:97:10:97:Infinity":51,"f:97:41:97:42":10,"s:97:48:97:66":52,"s:101:23:101:Infinity":53,"s:102:6:104:Infinity":54,"f:102:22:102:23":11,"s:103:8:103:Infinity":55,"b:103:19:103:32:103:32:103:Infinity":14,"s:105:6:105:Infinity":56,"s:106:6:106:Infinity":57,"b:110:4:136:Infinity:undefined:undefined:undefined:undefined":15,"s:110:4:136:Infinity":58,"s:111:25:111:Infinity":59,"b:112:6:112:Infinity:undefined:undefined:undefined:undefined":16,"s:112:6:112:Infinity":60,"s:112:23:112:Infinity":61,"s:113:24:113:Infinity":62,"s:114:20:114:Infinity":63,"b:115:6:115:Infinity:undefined:undefined:undefined:undefined":17,"s:115:6:115:Infinity":64,"s:115:18:115:Infinity":65,"s:117:23:117:Infinity":66,"b:118:6:118:Infinity:undefined:undefined:undefined:undefined":18,"s:118:6:118:Infinity":67,"s:118:21:118:Infinity":68,"s:119:22:119:Infinity":69,"f:119:49:119:50":12,"s:119:56:119:84":70,"s:121:25:121:Infinity":71,"s:122:23:122:Infinity":72,"b:122:36:122:79:122:79:122:Infinity":19,"s:124:20:124:Infinity":73,"s:125:6:134:Infinity":74,"b:126:8:129:Infinity:undefined:undefined:undefined:undefined":20,"s:126:8:129:Infinity":75,"s:127:27:127:Infinity":76,"b:128:10:128:Infinity:undefined:undefined:undefined:undefined":21,"s:128:10:128:Infinity":77,"s:128:42:128:Infinity":78,"s:130:8:132:Infinity":79,"f:130:24:130:25":13,"s:131:10:131:Infinity":80,"s:133:8:133:Infinity":81,"s:135:6:135:Infinity":82,"b:139:4:161:Infinity:undefined:undefined:undefined:undefined":22,"s:139:4:161:Infinity":83,"s:140:25:140:Infinity":84,"b:141:6:141:Infinity:undefined:undefined:undefined:undefined":23,"s:141:6:141:Infinity":85,"s:141:23:141:Infinity":86,"s:142:24:142:Infinity":87,"s:143:20:143:Infinity":88,"b:144:6:144:Infinity:undefined:undefined:undefined:undefined":24,"s:144:6:144:Infinity":89,"s:144:18:144:Infinity":90,"s:146:25:146:Infinity":91,"b:148:6:155:Infinity:151:13:155:Infinity":25,"s:148:6:155:Infinity":92,"s:149:8:149:Infinity":93,"s:150:8:150:Infinity":94,"s:152:25:152:Infinity":95,"s:153:8:153:Infinity":96,"f:153:40:153:41":14,"s:153:47:153:72":97,"s:154:8:154:Infinity":98,"f:154:39:154:40":15,"s:154:46:154:71":99,"s:158:6:158:Infinity":100,"s:160:6:160:Infinity":101,"s:163:4:163:Infinity":102,"f:167:10:167:24":16,"b:168:4:168:Infinity:undefined:undefined:undefined:undefined":26,"s:168:4:168:Infinity":103,"s:168:34:168:Infinity":104,"s:169:4:186:Infinity":105,"s:170:6:185:Infinity":106,"b:171:8:184:Infinity:undefined:undefined:undefined:undefined":27,"s:171:8:184:Infinity":107,"s:172:27:172:Infinity":108,"b:173:10:183:Infinity:undefined:undefined:undefined:undefined":28,"s:173:10:183:Infinity":109,"s:174:40:174:Infinity":110,"s:175:12:180:Infinity":111,"s:176:32:176:Infinity":112,"s:177:30:177:Infinity":113,"f:177:51:177:52":17,"s:177:58:177:84":114,"s:178:14:178:Infinity":115,"s:179:14:179:Infinity":116,"f:179:51:179:52":18,"s:179:58:179:84":117,"s:182:12:182:Infinity":118,"f:189:2:189:9":19,"s:190:16:190:Infinity":119,"s:191:23:191:Infinity":120,"b:192:4:192:Infinity:undefined:undefined:undefined:undefined":29,"s:192:4:192:Infinity":121,"s:192:21:192:Infinity":122,"s:193:22:193:Infinity":123,"s:194:18:194:Infinity":124,"b:195:4:195:Infinity:undefined:undefined:undefined:undefined":30,"s:195:4:195:Infinity":125,"s:195:16:195:Infinity":126,"s:197:15:197:Infinity":127,"s:200:23:200:Infinity":128,"b:201:4:203:Infinity:undefined:undefined:undefined:undefined":31,"s:201:4:203:Infinity":129,"b:201:8:201:22:201:22:201:41":32,"s:202:6:202:Infinity":130,"f:202:25:202:26":20,"s:202:32:202:62":131,"s:206:23:206:Infinity":132,"b:207:4:215:Infinity:undefined:undefined:undefined:undefined":33,"s:207:4:215:Infinity":133,"s:208:18:208:Infinity":134,"s:209:19:209:Infinity":135,"s:210:6:214:Infinity":136,"f:210:16:210:17":21,"s:211:19:211:Infinity":137,"b:211:26:211:36:211:36:211:38":34,"s:212:19:212:Infinity":138,"b:212:26:212:36:212:36:212:38":35,"s:213:8:213:Infinity":139,"b:213:22:213:45:213:45:213:Infinity":36,"s:217:4:217:Infinity":140,"f:220:2:220:9":22,"s:221:20:221:Infinity":141,"s:222:4:222:Infinity":142}}}
,"D:\\Seed\\OneBook\\electron\\ipc\\handlers.ts": {"path":"D:\\Seed\\OneBook\\electron\\ipc\\handlers.ts","statementMap":{"0":{"start":{"line":18,"column":2},"end":{"line":18,"column":null}},"1":{"start":{"line":18,"column":41},"end":{"line":18,"column":58}},"2":{"start":{"line":19,"column":2},"end":{"line":21,"column":null}},"3":{"start":{"line":20,"column":4},"end":{"line":20,"column":null}},"4":{"start":{"line":22,"column":2},"end":{"line":24,"column":null}},"5":{"start":{"line":23,"column":4},"end":{"line":23,"column":null}},"6":{"start":{"line":25,"column":2},"end":{"line":25,"column":null}},"7":{"start":{"line":25,"column":56},"end":{"line":25,"column":76}},"8":{"start":{"line":28,"column":2},"end":{"line":28,"column":null}},"9":{"start":{"line":28,"column":62},"end":{"line":28,"column":89}},"10":{"start":{"line":29,"column":2},"end":{"line":29,"column":null}},"11":{"start":{"line":29,"column":54},"end":{"line":29,"column":72}},"12":{"start":{"line":30,"column":2},"end":{"line":30,"column":null}},"13":{"start":{"line":30,"column":57},"end":{"line":30,"column":78}},"14":{"start":{"line":32,"column":2},"end":{"line":67,"column":null}},"15":{"start":{"line":37,"column":4},"end":{"line":56,"column":null}},"16":{"start":{"line":38,"column":21},"end":{"line":38,"column":null}},"17":{"start":{"line":39,"column":6},"end":{"line":39,"column":null}},"18":{"start":{"line":40,"column":6},"end":{"line":40,"column":null}},"19":{"start":{"line":41,"column":6},"end":{"line":41,"column":null}},"20":{"start":{"line":42,"column":4},"end":{"line":56,"column":null}},"21":{"start":{"line":43,"column":21},"end":{"line":45,"column":null}},"22":{"start":{"line":46,"column":6},"end":{"line":46,"column":null}},"23":{"start":{"line":47,"column":6},"end":{"line":47,"column":null}},"24":{"start":{"line":48,"column":6},"end":{"line":48,"column":null}},"25":{"start":{"line":49,"column":4},"end":{"line":56,"column":null}},"26":{"start":{"line":50,"column":21},"end":{"line":50,"column":null}},"27":{"start":{"line":51,"column":6},"end":{"line":51,"column":null}},"28":{"start":{"line":52,"column":6},"end":{"line":52,"column":null}},"29":{"start":{"line":53,"column":6},"end":{"line":53,"column":null}},"30":{"start":{"line":55,"column":6},"end":{"line":55,"column":null}},"31":{"start":{"line":58,"column":4},"end":{"line":66,"column":null}},"32":{"start":{"line":70,"column":2},"end":{"line":70,"column":null}},"33":{"start":{"line":70,"column":66},"end":{"line":70,"column":97}},"34":{"start":{"line":71,"column":2},"end":{"line":73,"column":null}},"35":{"start":{"line":72,"column":4},"end":{"line":72,"column":null}},"36":{"start":{"line":74,"column":2},"end":{"line":76,"column":null}},"37":{"start":{"line":75,"column":4},"end":{"line":75,"column":null}},"38":{"start":{"line":77,"column":2},"end":{"line":77,"column":null}},"39":{"start":{"line":77,"column":61},"end":{"line":77,"column":86}},"40":{"start":{"line":78,"column":2},"end":{"line":78,"column":null}},"41":{"start":{"line":78,"column":66},"end":{"line":78,"column":97}},"42":{"start":{"line":81,"column":2},"end":{"line":83,"column":null}},"43":{"start":{"line":82,"column":4},"end":{"line":82,"column":null}},"44":{"start":{"line":86,"column":2},"end":{"line":104,"column":null}},"45":{"start":{"line":87,"column":16},"end":{"line":87,"column":null}},"46":{"start":{"line":88,"column":4},"end":{"line":88,"column":null}},"47":{"start":{"line":88,"column":14},"end":{"line":88,"column":null}},"48":{"start":{"line":90,"column":4},"end":{"line":103,"column":null}},"49":{"start":{"line":91,"column":21},"end":{"line":91,"column":null}},"50":{"start":{"line":92,"column":6},"end":{"line":100,"column":null}},"51":{"start":{"line":93,"column":8},"end":{"line":99,"column":null}},"52":{"start":{"line":94,"column":10},"end":{"line":94,"column":null}},"53":{"start":{"line":95,"column":8},"end":{"line":99,"column":null}},"54":{"start":{"line":96,"column":10},"end":{"line":96,"column":null}},"55":{"start":{"line":97,"column":8},"end":{"line":99,"column":null}},"56":{"start":{"line":98,"column":10},"end":{"line":98,"column":null}},"57":{"start":{"line":102,"column":6},"end":{"line":102,"column":null}},"58":{"start":{"line":107,"column":2},"end":{"line":107,"column":null}},"59":{"start":{"line":107,"column":55},"end":{"line":107,"column":73}},"60":{"start":{"line":108,"column":2},"end":{"line":108,"column":null}},"61":{"start":{"line":108,"column":70},"end":{"line":108,"column":95}},"62":{"start":{"line":109,"column":2},"end":{"line":109,"column":null}},"63":{"start":{"line":109,"column":45},"end":{"line":109,"column":64}},"64":{"start":{"line":112,"column":2},"end":{"line":112,"column":null}},"65":{"start":{"line":112,"column":39},"end":{"line":112,"column":65}},"66":{"start":{"line":113,"column":2},"end":{"line":117,"column":null}},"67":{"start":{"line":114,"column":29},"end":{"line":114,"column":null}},"68":{"start":{"line":115,"column":19},"end":{"line":115,"column":null}},"69":{"start":{"line":116,"column":4},"end":{"line":116,"column":null}},"70":{"start":{"line":120,"column":2},"end":{"line":128,"column":null}},"71":{"start":{"line":121,"column":19},"end":{"line":126,"column":null}},"72":{"start":{"line":127,"column":4},"end":{"line":127,"column":null}},"73":{"start":{"line":130,"column":2},"end":{"line":132,"column":null}},"74":{"start":{"line":131,"column":4},"end":{"line":131,"column":null}},"75":{"start":{"line":135,"column":2},"end":{"line":138,"column":null}},"76":{"start":{"line":136,"column":31},"end":{"line":136,"column":null}},"77":{"start":{"line":137,"column":4},"end":{"line":137,"column":null}},"78":{"start":{"line":139,"column":2},"end":{"line":142,"column":null}},"79":{"start":{"line":140,"column":27},"end":{"line":140,"column":null}},"80":{"start":{"line":141,"column":4},"end":{"line":141,"column":null}},"81":{"start":{"line":143,"column":2},"end":{"line":146,"column":null}},"82":{"start":{"line":144,"column":26},"end":{"line":144,"column":null}},"83":{"start":{"line":145,"column":4},"end":{"line":145,"column":null}}},"fnMap":{"0":{"name":"registerIpcHandlers","decl":{"start":{"line":16,"column":16},"end":{"line":16,"column":44}},"loc":{"start":{"line":16,"column":44},"end":{"line":147,"column":null}},"line":16},"1":{"name":"(anonymous_1)","decl":{"start":{"line":18,"column":35},"end":{"line":18,"column":41}},"loc":{"start":{"line":18,"column":41},"end":{"line":18,"column":58}},"line":18},"2":{"name":"(anonymous_2)","decl":{"start":{"line":19,"column":37},"end":{"line":19,"column":38}},"loc":{"start":{"line":19,"column":73},"end":{"line":21,"column":3}},"line":19},"3":{"name":"(anonymous_3)","decl":{"start":{"line":22,"column":37},"end":{"line":22,"column":38}},"loc":{"start":{"line":22,"column":91},"end":{"line":24,"column":3}},"line":22},"4":{"name":"(anonymous_4)","decl":{"start":{"line":25,"column":37},"end":{"line":25,"column":38}},"loc":{"start":{"line":25,"column":56},"end":{"line":25,"column":76}},"line":25},"5":{"name":"(anonymous_5)","decl":{"start":{"line":28,"column":36},"end":{"line":28,"column":37}},"loc":{"start":{"line":28,"column":62},"end":{"line":28,"column":89}},"line":28},"6":{"name":"(anonymous_6)","decl":{"start":{"line":29,"column":35},"end":{"line":29,"column":36}},"loc":{"start":{"line":29,"column":54},"end":{"line":29,"column":72}},"line":29},"7":{"name":"(anonymous_7)","decl":{"start":{"line":30,"column":38},"end":{"line":30,"column":39}},"loc":{"start":{"line":30,"column":57},"end":{"line":30,"column":78}},"line":30},"8":{"name":"(anonymous_8)","decl":{"start":{"line":32,"column":38},"end":{"line":32,"column":45}},"loc":{"start":{"line":32,"column":81},"end":{"line":67,"column":3}},"line":32},"9":{"name":"(anonymous_9)","decl":{"start":{"line":70,"column":40},"end":{"line":70,"column":41}},"loc":{"start":{"line":70,"column":66},"end":{"line":70,"column":97}},"line":70},"10":{"name":"(anonymous_10)","decl":{"start":{"line":71,"column":42},"end":{"line":71,"column":43}},"loc":{"start":{"line":71,"column":110},"end":{"line":73,"column":3}},"line":71},"11":{"name":"(anonymous_11)","decl":{"start":{"line":74,"column":42},"end":{"line":74,"column":43}},"loc":{"start":{"line":74,"column":76},"end":{"line":76,"column":3}},"line":74},"12":{"name":"(anonymous_12)","decl":{"start":{"line":77,"column":42},"end":{"line":77,"column":43}},"loc":{"start":{"line":77,"column":61},"end":{"line":77,"column":86}},"line":77},"13":{"name":"(anonymous_13)","decl":{"start":{"line":78,"column":35},"end":{"line":78,"column":36}},"loc":{"start":{"line":78,"column":66},"end":{"line":78,"column":97}},"line":78},"14":{"name":"(anonymous_14)","decl":{"start":{"line":81,"column":35},"end":{"line":81,"column":36}},"loc":{"start":{"line":81,"column":124},"end":{"line":83,"column":3}},"line":81},"15":{"name":"(anonymous_15)","decl":{"start":{"line":86,"column":37},"end":{"line":86,"column":44}},"loc":{"start":{"line":86,"column":113},"end":{"line":104,"column":3}},"line":86},"16":{"name":"(anonymous_16)","decl":{"start":{"line":107,"column":35},"end":{"line":107,"column":36}},"loc":{"start":{"line":107,"column":55},"end":{"line":107,"column":73}},"line":107},"17":{"name":"(anonymous_17)","decl":{"start":{"line":108,"column":35},"end":{"line":108,"column":36}},"loc":{"start":{"line":108,"column":70},"end":{"line":108,"column":95}},"line":108},"18":{"name":"(anonymous_18)","decl":{"start":{"line":109,"column":39},"end":{"line":109,"column":45}},"loc":{"start":{"line":109,"column":45},"end":{"line":109,"column":64}},"line":109},"19":{"name":"(anonymous_19)","decl":{"start":{"line":112,"column":33},"end":{"line":112,"column":39}},"loc":{"start":{"line":112,"column":39},"end":{"line":112,"column":65}},"line":112},"20":{"name":"(anonymous_20)","decl":{"start":{"line":113,"column":40},"end":{"line":113,"column":52}},"loc":{"start":{"line":113,"column":52},"end":{"line":117,"column":3}},"line":113},"21":{"name":"(anonymous_21)","decl":{"start":{"line":120,"column":39},"end":{"line":120,"column":51}},"loc":{"start":{"line":120,"column":51},"end":{"line":128,"column":3}},"line":120},"22":{"name":"(anonymous_22)","decl":{"start":{"line":130,"column":32},"end":{"line":130,"column":39}},"loc":{"start":{"line":130,"column":63},"end":{"line":132,"column":3}},"line":130},"23":{"name":"(anonymous_23)","decl":{"start":{"line":135,"column":38},"end":{"line":135,"column":45}},"loc":{"start":{"line":135,"column":83},"end":{"line":138,"column":3}},"line":135},"24":{"name":"(anonymous_24)","decl":{"start":{"line":139,"column":34},"end":{"line":139,"column":41}},"loc":{"start":{"line":139,"column":79},"end":{"line":142,"column":3}},"line":139},"25":{"name":"(anonymous_25)","decl":{"start":{"line":143,"column":33},"end":{"line":143,"column":40}},"loc":{"start":{"line":143,"column":82},"end":{"line":146,"column":3}},"line":143}},"branchMap":{"0":{"loc":{"start":{"line":20,"column":51},"end":{"line":20,"column":75}},"type":"binary-expr","locations":[{"start":{"line":20,"column":51},"end":{"line":20,"column":73}},{"start":{"line":20,"column":73},"end":{"line":20,"column":75}}],"line":20},"1":{"loc":{"start":{"line":37,"column":4},"end":{"line":56,"column":null}},"type":"if","locations":[{"start":{"line":37,"column":4},"end":{"line":56,"column":null}},{"start":{"line":42,"column":4},"end":{"line":56,"column":null}}],"line":37},"2":{"loc":{"start":{"line":37,"column":8},"end":{"line":37,"column":55}},"type":"binary-expr","locations":[{"start":{"line":37,"column":8},"end":{"line":37,"column":37}},{"start":{"line":37,"column":37},"end":{"line":37,"column":55}}],"line":37},"3":{"loc":{"start":{"line":42,"column":4},"end":{"line":56,"column":null}},"type":"if","locations":[{"start":{"line":42,"column":4},"end":{"line":56,"column":null}},{"start":{"line":49,"column":4},"end":{"line":56,"column":null}}],"line":42},"4":{"loc":{"start":{"line":42,"column":15},"end":{"line":42,"column":59}},"type":"binary-expr","locations":[{"start":{"line":42,"column":15},"end":{"line":42,"column":42}},{"start":{"line":42,"column":42},"end":{"line":42,"column":59}}],"line":42},"5":{"loc":{"start":{"line":44,"column":25},"end":{"line":44,"column":54}},"type":"binary-expr","locations":[{"start":{"line":44,"column":25},"end":{"line":44,"column":46}},{"start":{"line":44,"column":46},"end":{"line":44,"column":54}}],"line":44},"6":{"loc":{"start":{"line":44,"column":54},"end":{"line":44,"column":null}},"type":"binary-expr","locations":[{"start":{"line":44,"column":54},"end":{"line":44,"column":73}},{"start":{"line":44,"column":73},"end":{"line":44,"column":null}}],"line":44},"7":{"loc":{"start":{"line":48,"column":27},"end":{"line":48,"column":56}},"type":"binary-expr","locations":[{"start":{"line":48,"column":27},"end":{"line":48,"column":46}},{"start":{"line":48,"column":46},"end":{"line":48,"column":56}}],"line":48},"8":{"loc":{"start":{"line":49,"column":4},"end":{"line":56,"column":null}},"type":"if","locations":[{"start":{"line":49,"column":4},"end":{"line":56,"column":null}},{"start":{"line":54,"column":11},"end":{"line":56,"column":null}}],"line":49},"9":{"loc":{"start":{"line":49,"column":15},"end":{"line":49,"column":54}},"type":"binary-expr","locations":[{"start":{"line":49,"column":15},"end":{"line":49,"column":42}},{"start":{"line":49,"column":42},"end":{"line":49,"column":54}}],"line":49},"10":{"loc":{"start":{"line":53,"column":13},"end":{"line":53,"column":null}},"type":"binary-expr","locations":[{"start":{"line":53,"column":13},"end":{"line":53,"column":44}},{"start":{"line":53,"column":44},"end":{"line":53,"column":null}}],"line":53},"11":{"loc":{"start":{"line":65,"column":17},"end":{"line":65,"column":null}},"type":"binary-expr","locations":[{"start":{"line":65,"column":17},"end":{"line":65,"column":37}},{"start":{"line":65,"column":37},"end":{"line":65,"column":null}}],"line":65},"12":{"loc":{"start":{"line":88,"column":4},"end":{"line":88,"column":null}},"type":"if","locations":[{"start":{"line":88,"column":4},"end":{"line":88,"column":null}},{"start":{},"end":{}}],"line":88},"13":{"loc":{"start":{"line":93,"column":8},"end":{"line":99,"column":null}},"type":"if","locations":[{"start":{"line":93,"column":8},"end":{"line":99,"column":null}},{"start":{"line":95,"column":8},"end":{"line":99,"column":null}}],"line":93},"14":{"loc":{"start":{"line":95,"column":8},"end":{"line":99,"column":null}},"type":"if","locations":[{"start":{"line":95,"column":8},"end":{"line":99,"column":null}},{"start":{"line":97,"column":8},"end":{"line":99,"column":null}}],"line":95},"15":{"loc":{"start":{"line":97,"column":8},"end":{"line":99,"column":null}},"type":"if","locations":[{"start":{"line":97,"column":8},"end":{"line":99,"column":null}},{"start":{},"end":{}}],"line":97},"16":{"loc":{"start":{"line":102,"column":53},"end":{"line":102,"column":101}},"type":"cond-expr","locations":[{"start":{"line":102,"column":76},"end":{"line":102,"column":90}},{"start":{"line":102,"column":90},"end":{"line":102,"column":101}}],"line":102},"17":{"loc":{"start":{"line":116,"column":11},"end":{"line":116,"column":null}},"type":"binary-expr","locations":[{"start":{"line":116,"column":11},"end":{"line":116,"column":30}},{"start":{"line":116,"column":30},"end":{"line":116,"column":null}}],"line":116}},"s":{"0":64,"1":2,"2":64,"3":5,"4":64,"5":1,"6":64,"7":3,"8":64,"9":1,"10":64,"11":1,"12":64,"13":3,"14":64,"15":15,"16":6,"17":6,"18":6,"19":6,"20":9,"21":3,"22":3,"23":3,"24":3,"25":6,"26":2,"27":2,"28":2,"29":2,"30":4,"31":11,"32":64,"33":1,"34":64,"35":6,"36":64,"37":2,"38":64,"39":1,"40":64,"41":3,"42":64,"43":9,"44":64,"45":0,"46":0,"47":0,"48":0,"49":0,"50":0,"51":0,"52":0,"53":0,"54":0,"55":0,"56":0,"57":0,"58":64,"59":5,"60":64,"61":5,"62":64,"63":3,"64":64,"65":2,"66":64,"67":1,"68":1,"69":1,"70":64,"71":2,"72":2,"73":64,"74":1,"75":64,"76":0,"77":0,"78":64,"79":0,"80":0,"81":64,"82":0,"83":0},"f":{"0":64,"1":2,"2":5,"3":1,"4":3,"5":1,"6":1,"7":3,"8":15,"9":1,"10":6,"11":2,"12":1,"13":3,"14":9,"15":0,"16":5,"17":5,"18":3,"19":2,"20":1,"21":2,"22":1,"23":0,"24":0,"25":0},"b":{"0":[5,3],"1":[6,9],"2":[15,8],"3":[3,6],"4":[9,4],"5":[3,1],"6":[3,1],"7":[3,1],"8":[2,4],"9":[6,3],"10":[2,0],"11":[11,5],"12":[0,0],"13":[0,0],"14":[0,0],"15":[0,0],"16":[0,0],"17":[1,0]},"meta":{"lastBranch":18,"lastFunction":26,"lastStatement":84,"seen":{"f:16:16:16:44":0,"s:18:2:18:Infinity":0,"f:18:35:18:41":1,"s:18:41:18:58":1,"s:19:2:21:Infinity":2,"f:19:37:19:38":2,"s:20:4:20:Infinity":3,"b:20:51:20:73:20:73:20:75":0,"s:22:2:24:Infinity":4,"f:22:37:22:38":3,"s:23:4:23:Infinity":5,"s:25:2:25:Infinity":6,"f:25:37:25:38":4,"s:25:56:25:76":7,"s:28:2:28:Infinity":8,"f:28:36:28:37":5,"s:28:62:28:89":9,"s:29:2:29:Infinity":10,"f:29:35:29:36":6,"s:29:54:29:72":11,"s:30:2:30:Infinity":12,"f:30:38:30:39":7,"s:30:57:30:78":13,"s:32:2:67:Infinity":14,"f:32:38:32:45":8,"b:37:4:56:Infinity:42:4:56:Infinity":1,"s:37:4:56:Infinity":15,"b:37:8:37:37:37:37:37:55":2,"s:38:21:38:Infinity":16,"s:39:6:39:Infinity":17,"s:40:6:40:Infinity":18,"s:41:6:41:Infinity":19,"b:42:4:56:Infinity:49:4:56:Infinity":3,"s:42:4:56:Infinity":20,"b:42:15:42:42:42:42:42:59":4,"s:43:21:45:Infinity":21,"b:44:25:44:46:44:46:44:54":5,"b:44:54:44:73:44:73:44:Infinity":6,"s:46:6:46:Infinity":22,"s:47:6:47:Infinity":23,"s:48:6:48:Infinity":24,"b:48:27:48:46:48:46:48:56":7,"b:49:4:56:Infinity:54:11:56:Infinity":8,"s:49:4:56:Infinity":25,"b:49:15:49:42:49:42:49:54":9,"s:50:21:50:Infinity":26,"s:51:6:51:Infinity":27,"s:52:6:52:Infinity":28,"s:53:6:53:Infinity":29,"b:53:13:53:44:53:44:53:Infinity":10,"s:55:6:55:Infinity":30,"s:58:4:66:Infinity":31,"b:65:17:65:37:65:37:65:Infinity":11,"s:70:2:70:Infinity":32,"f:70:40:70:41":9,"s:70:66:70:97":33,"s:71:2:73:Infinity":34,"f:71:42:71:43":10,"s:72:4:72:Infinity":35,"s:74:2:76:Infinity":36,"f:74:42:74:43":11,"s:75:4:75:Infinity":37,"s:77:2:77:Infinity":38,"f:77:42:77:43":12,"s:77:61:77:86":39,"s:78:2:78:Infinity":40,"f:78:35:78:36":13,"s:78:66:78:97":41,"s:81:2:83:Infinity":42,"f:81:35:81:36":14,"s:82:4:82:Infinity":43,"s:86:2:104:Infinity":44,"f:86:37:86:44":15,"s:87:16:87:Infinity":45,"b:88:4:88:Infinity:undefined:undefined:undefined:undefined":12,"s:88:4:88:Infinity":46,"s:88:14:88:Infinity":47,"s:90:4:103:Infinity":48,"s:91:21:91:Infinity":49,"s:92:6:100:Infinity":50,"b:93:8:99:Infinity:95:8:99:Infinity":13,"s:93:8:99:Infinity":51,"s:94:10:94:Infinity":52,"b:95:8:99:Infinity:97:8:99:Infinity":14,"s:95:8:99:Infinity":53,"s:96:10:96:Infinity":54,"b:97:8:99:Infinity:undefined:undefined:undefined:undefined":15,"s:97:8:99:Infinity":55,"s:98:10:98:Infinity":56,"s:102:6:102:Infinity":57,"b:102:76:102:90:102:90:102:101":16,"s:107:2:107:Infinity":58,"f:107:35:107:36":16,"s:107:55:107:73":59,"s:108:2:108:Infinity":60,"f:108:35:108:36":17,"s:108:70:108:95":61,"s:109:2:109:Infinity":62,"f:109:39:109:45":18,"s:109:45:109:64":63,"s:112:2:112:Infinity":64,"f:112:33:112:39":19,"s:112:39:112:65":65,"s:113:2:117:Infinity":66,"f:113:40:113:52":20,"s:114:29:114:Infinity":67,"s:115:19:115:Infinity":68,"s:116:4:116:Infinity":69,"b:116:11:116:30:116:30:116:Infinity":17,"s:120:2:128:Infinity":70,"f:120:39:120:51":21,"s:121:19:126:Infinity":71,"s:127:4:127:Infinity":72,"s:130:2:132:Infinity":73,"f:130:32:130:39":22,"s:131:4:131:Infinity":74,"s:135:2:138:Infinity":75,"f:135:38:135:45":23,"s:136:31:136:Infinity":76,"s:137:4:137:Infinity":77,"s:139:2:142:Infinity":78,"f:139:34:139:41":24,"s:140:27:140:Infinity":79,"s:141:4:141:Infinity":80,"s:143:2:146:Infinity":81,"f:143:33:143:40":25,"s:144:26:144:Infinity":82,"s:145:4:145:Infinity":83}}}
,"D:\\Seed\\OneBook\\electron\\services\\ai.service.ts": {"path":"D:\\Seed\\OneBook\\electron\\services\\ai.service.ts","statementMap":{"0":{"start":{"line":12,"column":45},"end":{"line":15,"column":null}},"1":{"start":{"line":20,"column":2},"end":{"line":25,"column":null}},"2":{"start":{"line":21,"column":19},"end":{"line":21,"column":null}},"3":{"start":{"line":22,"column":4},"end":{"line":22,"column":null}},"4":{"start":{"line":22,"column":40},"end":{"line":22,"column":null}},"5":{"start":{"line":27,"column":8},"end":{"line":27,"column":null}},"6":{"start":{"line":28,"column":2},"end":{"line":28,"column":null}},"7":{"start":{"line":28,"column":17},"end":{"line":28,"column":null}},"8":{"start":{"line":29,"column":2},"end":{"line":29,"column":null}},"9":{"start":{"line":34,"column":2},"end":{"line":39,"column":null}},"10":{"start":{"line":35,"column":19},"end":{"line":35,"column":null}},"11":{"start":{"line":36,"column":4},"end":{"line":36,"column":null}},"12":{"start":{"line":38,"column":4},"end":{"line":38,"column":null}},"13":{"start":{"line":44,"column":8},"end":{"line":44,"column":null}},"14":{"start":{"line":45,"column":8},"end":{"line":45,"column":null}},"15":{"start":{"line":46,"column":2},"end":{"line":48,"column":null}},"16":{"start":{"line":47,"column":4},"end":{"line":47,"column":null}},"17":{"start":{"line":49,"column":2},"end":{"line":49,"column":null}},"18":{"start":{"line":53,"column":55},"end":{"line":74,"column":null}},"19":{"start":{"line":81,"column":17},"end":{"line":81,"column":null}},"20":{"start":{"line":82,"column":16},"end":{"line":82,"column":null}},"21":{"start":{"line":84,"column":19},"end":{"line":95,"column":null}},"22":{"start":{"line":97,"column":2},"end":{"line":101,"column":null}},"23":{"start":{"line":98,"column":20},"end":{"line":98,"column":null}},"24":{"start":{"line":99,"column":4},"end":{"line":99,"column":null}},"25":{"start":{"line":100,"column":4},"end":{"line":100,"column":null}},"26":{"start":{"line":103,"column":17},"end":{"line":103,"column":null}},"27":{"start":{"line":104,"column":2},"end":{"line":107,"column":null}},"28":{"start":{"line":105,"column":4},"end":{"line":105,"column":null}},"29":{"start":{"line":106,"column":4},"end":{"line":106,"column":null}},"30":{"start":{"line":109,"column":18},"end":{"line":109,"column":null}},"31":{"start":{"line":110,"column":15},"end":{"line":110,"column":null}},"32":{"start":{"line":112,"column":2},"end":{"line":143,"column":null}},"33":{"start":{"line":113,"column":4},"end":{"line":139,"column":null}},"34":{"start":{"line":114,"column":30},"end":{"line":114,"column":null}},"35":{"start":{"line":115,"column":6},"end":{"line":115,"column":null}},"36":{"start":{"line":115,"column":16},"end":{"line":115,"column":null}},"37":{"start":{"line":117,"column":6},"end":{"line":117,"column":null}},"38":{"start":{"line":118,"column":20},"end":{"line":118,"column":null}},"39":{"start":{"line":119,"column":6},"end":{"line":119,"column":null}},"40":{"start":{"line":121,"column":6},"end":{"line":138,"column":null}},"41":{"start":{"line":122,"column":24},"end":{"line":122,"column":null}},"42":{"start":{"line":123,"column":8},"end":{"line":123,"column":null}},"43":{"start":{"line":123,"column":55},"end":{"line":123,"column":null}},"44":{"start":{"line":124,"column":21},"end":{"line":124,"column":null}},"45":{"start":{"line":125,"column":8},"end":{"line":128,"column":null}},"46":{"start":{"line":126,"column":10},"end":{"line":126,"column":null}},"47":{"start":{"line":127,"column":10},"end":{"line":127,"column":null}},"48":{"start":{"line":129,"column":8},"end":{"line":137,"column":null}},"49":{"start":{"line":130,"column":25},"end":{"line":130,"column":null}},"50":{"start":{"line":131,"column":26},"end":{"line":131,"column":null}},"51":{"start":{"line":132,"column":10},"end":{"line":134,"column":null}},"52":{"start":{"line":133,"column":12},"end":{"line":133,"column":null}},"53":{"start":{"line":140,"column":4},"end":{"line":140,"column":null}},"54":{"start":{"line":142,"column":4},"end":{"line":142,"column":null}},"55":{"start":{"line":152,"column":2},"end":{"line":155,"column":null}}},"fnMap":{"0":{"name":"getAIToken","decl":{"start":{"line":18,"column":22},"end":{"line":18,"column":33}},"loc":{"start":{"line":18,"column":72},"end":{"line":30,"column":null}},"line":18},"1":{"name":"checkMkpStatus","decl":{"start":{"line":33,"column":22},"end":{"line":33,"column":92}},"loc":{"start":{"line":33,"column":92},"end":{"line":40,"column":null}},"line":33},"2":{"name":"getCurrentModel","decl":{"start":{"line":43,"column":16},"end":{"line":43,"column":49}},"loc":{"start":{"line":43,"column":49},"end":{"line":50,"column":null}},"line":43},"3":{"name":"streamChat","decl":{"start":{"line":77,"column":23},"end":{"line":77,"column":null}},"loc":{"start":{"line":80,"column":33},"end":{"line":144,"column":null}},"line":80},"4":{"name":"buildAnalysisMessages","decl":{"start":{"line":147,"column":16},"end":{"line":147,"column":null}},"loc":{"start":{"line":151,"column":39},"end":{"line":156,"column":null}},"line":151}},"branchMap":{"0":{"loc":{"start":{"line":22,"column":4},"end":{"line":22,"column":null}},"type":"if","locations":[{"start":{"line":22,"column":4},"end":{"line":22,"column":null}},{"start":{},"end":{}}],"line":22},"1":{"loc":{"start":{"line":22,"column":8},"end":{"line":22,"column":40}},"type":"binary-expr","locations":[{"start":{"line":22,"column":8},"end":{"line":22,"column":26}},{"start":{"line":22,"column":26},"end":{"line":22,"column":40}}],"line":22},"2":{"loc":{"start":{"line":28,"column":2},"end":{"line":28,"column":null}},"type":"if","locations":[{"start":{"line":28,"column":2},"end":{"line":28,"column":null}},{"start":{},"end":{}}],"line":28},"3":{"loc":{"start":{"line":36,"column":50},"end":{"line":36,"column":72}},"type":"binary-expr","locations":[{"start":{"line":36,"column":50},"end":{"line":36,"column":69}},{"start":{"line":36,"column":69},"end":{"line":36,"column":72}}],"line":36},"4":{"loc":{"start":{"line":46,"column":2},"end":{"line":48,"column":null}},"type":"if","locations":[{"start":{"line":46,"column":2},"end":{"line":48,"column":null}},{"start":{},"end":{}}],"line":46},"5":{"loc":{"start":{"line":46,"column":6},"end":{"line":46,"column":31}},"type":"binary-expr","locations":[{"start":{"line":46,"column":6},"end":{"line":46,"column":21}},{"start":{"line":46,"column":21},"end":{"line":46,"column":31}}],"line":46},"6":{"loc":{"start":{"line":81,"column":17},"end":{"line":81,"column":null}},"type":"binary-expr","locations":[{"start":{"line":81,"column":17},"end":{"line":81,"column":26}},{"start":{"line":81,"column":26},"end":{"line":81,"column":null}}],"line":81},"7":{"loc":{"start":{"line":97,"column":2},"end":{"line":101,"column":null}},"type":"if","locations":[{"start":{"line":97,"column":2},"end":{"line":101,"column":null}},{"start":{},"end":{}}],"line":97},"8":{"loc":{"start":{"line":104,"column":2},"end":{"line":107,"column":null}},"type":"if","locations":[{"start":{"line":104,"column":2},"end":{"line":107,"column":null}},{"start":{},"end":{}}],"line":104},"9":{"loc":{"start":{"line":115,"column":6},"end":{"line":115,"column":null}},"type":"if","locations":[{"start":{"line":115,"column":6},"end":{"line":115,"column":null}},{"start":{},"end":{}}],"line":115},"10":{"loc":{"start":{"line":119,"column":15},"end":{"line":119,"column":null}},"type":"binary-expr","locations":[{"start":{"line":119,"column":15},"end":{"line":119,"column":30}},{"start":{"line":119,"column":30},"end":{"line":119,"column":null}}],"line":119},"11":{"loc":{"start":{"line":123,"column":8},"end":{"line":123,"column":null}},"type":"if","locations":[{"start":{"line":123,"column":8},"end":{"line":123,"column":null}},{"start":{},"end":{}}],"line":123},"12":{"loc":{"start":{"line":123,"column":12},"end":{"line":123,"column":55}},"type":"binary-expr","locations":[{"start":{"line":123,"column":12},"end":{"line":123,"column":24}},{"start":{"line":123,"column":24},"end":{"line":123,"column":55}}],"line":123},"13":{"loc":{"start":{"line":125,"column":8},"end":{"line":128,"column":null}},"type":"if","locations":[{"start":{"line":125,"column":8},"end":{"line":128,"column":null}},{"start":{},"end":{}}],"line":125},"14":{"loc":{"start":{"line":132,"column":10},"end":{"line":134,"column":null}},"type":"if","locations":[{"start":{"line":132,"column":10},"end":{"line":134,"column":null}},{"start":{},"end":{}}],"line":132},"15":{"loc":{"start":{"line":142,"column":34},"end":{"line":142,"column":83}},"type":"cond-expr","locations":[{"start":{"line":142,"column":57},"end":{"line":142,"column":71}},{"start":{"line":142,"column":71},"end":{"line":142,"column":83}}],"line":142},"16":{"loc":{"start":{"line":154,"column":29},"end":{"line":154,"column":79}},"type":"binary-expr","locations":[{"start":{"line":154,"column":29},"end":{"line":154,"column":44}},{"start":{"line":154,"column":44},"end":{"line":154,"column":79}}],"line":154}},"s":{"0":6,"1":9,"2":9,"3":9,"4":0,"5":9,"6":9,"7":8,"8":1,"9":3,"10":3,"11":3,"12":0,"13":8,"14":8,"15":8,"16":7,"17":1,"18":6,"19":7,"20":7,"21":7,"22":7,"23":1,"24":1,"25":1,"26":6,"27":7,"28":1,"29":1,"30":5,"31":5,"32":5,"33":5,"34":10,"35":10,"36":1,"37":9,"38":9,"39":9,"40":10,"41":18,"42":18,"43":7,"44":11,"45":11,"46":4,"47":4,"48":7,"49":7,"50":7,"51":18,"52":6,"53":1,"54":0,"55":4},"f":{"0":9,"1":3,"2":8,"3":7,"4":4},"b":{"0":[0,9],"1":[9,0],"2":[8,1],"3":[3,0],"4":[7,1],"5":[8,7],"6":[7,6],"7":[1,6],"8":[1,6],"9":[1,9],"10":[9,0],"11":[7,11],"12":[18,11],"13":[4,7],"14":[6,12],"15":[0,0],"16":[4,3]},"meta":{"lastBranch":17,"lastFunction":5,"lastStatement":56,"seen":{"s:12:45:15:Infinity":0,"f:18:22:18:33":0,"s:20:2:25:Infinity":1,"s:21:19:21:Infinity":2,"b:22:4:22:Infinity:undefined:undefined:undefined:undefined":0,"s:22:4:22:Infinity":3,"b:22:8:22:26:22:26:22:40":1,"s:22:40:22:Infinity":4,"s:27:8:27:Infinity":5,"b:28:2:28:Infinity:undefined:undefined:undefined:undefined":2,"s:28:2:28:Infinity":6,"s:28:17:28:Infinity":7,"s:29:2:29:Infinity":8,"f:33:22:33:92":1,"s:34:2:39:Infinity":9,"s:35:19:35:Infinity":10,"s:36:4:36:Infinity":11,"b:36:50:36:69:36:69:36:72":3,"s:38:4:38:Infinity":12,"f:43:16:43:49":2,"s:44:8:44:Infinity":13,"s:45:8:45:Infinity":14,"b:46:2:48:Infinity:undefined:undefined:undefined:undefined":4,"s:46:2:48:Infinity":15,"b:46:6:46:21:46:21:46:31":5,"s:47:4:47:Infinity":16,"s:49:2:49:Infinity":17,"s:53:55:74:Infinity":18,"f:77:23:77:Infinity":3,"s:81:17:81:Infinity":19,"b:81:17:81:26:81:26:81:Infinity":6,"s:82:16:82:Infinity":20,"s:84:19:95:Infinity":21,"b:97:2:101:Infinity:undefined:undefined:undefined:undefined":7,"s:97:2:101:Infinity":22,"s:98:20:98:Infinity":23,"s:99:4:99:Infinity":24,"s:100:4:100:Infinity":25,"s:103:17:103:Infinity":26,"b:104:2:107:Infinity:undefined:undefined:undefined:undefined":8,"s:104:2:107:Infinity":27,"s:105:4:105:Infinity":28,"s:106:4:106:Infinity":29,"s:109:18:109:Infinity":30,"s:110:15:110:Infinity":31,"s:112:2:143:Infinity":32,"s:113:4:139:Infinity":33,"s:114:30:114:Infinity":34,"b:115:6:115:Infinity:undefined:undefined:undefined:undefined":9,"s:115:6:115:Infinity":35,"s:115:16:115:Infinity":36,"s:117:6:117:Infinity":37,"s:118:20:118:Infinity":38,"s:119:6:119:Infinity":39,"b:119:15:119:30:119:30:119:Infinity":10,"s:121:6:138:Infinity":40,"s:122:24:122:Infinity":41,"b:123:8:123:Infinity:undefined:undefined:undefined:undefined":11,"s:123:8:123:Infinity":42,"b:123:12:123:24:123:24:123:55":12,"s:123:55:123:Infinity":43,"s:124:21:124:Infinity":44,"b:125:8:128:Infinity:undefined:undefined:undefined:undefined":13,"s:125:8:128:Infinity":45,"s:126:10:126:Infinity":46,"s:127:10:127:Infinity":47,"s:129:8:137:Infinity":48,"s:130:25:130:Infinity":49,"s:131:26:131:Infinity":50,"b:132:10:134:Infinity:undefined:undefined:undefined:undefined":14,"s:132:10:134:Infinity":51,"s:133:12:133:Infinity":52,"s:140:4:140:Infinity":53,"s:142:4:142:Infinity":54,"b:142:57:142:71:142:71:142:83":15,"f:147:16:147:Infinity":4,"s:152:2:155:Infinity":55,"b:154:29:154:44:154:44:154:79":16}}}
,"D:\\Seed\\OneBook\\electron\\services\\db.service.ts": {"path":"D:\\Seed\\OneBook\\electron\\services\\db.service.ts","statementMap":{"0":{"start":{"line":15,"column":17},"end":{"line":15,"column":null}},"1":{"start":{"line":16,"column":2},"end":{"line":16,"column":null}},"2":{"start":{"line":17,"column":2},"end":{"line":17,"column":null}},"3":{"start":{"line":18,"column":2},"end":{"line":18,"column":null}},"4":{"start":{"line":20,"column":2},"end":{"line":63,"column":null}},"5":{"start":{"line":68,"column":2},"end":{"line":68,"column":null}},"6":{"start":{"line":74,"column":2},"end":{"line":74,"column":null}},"7":{"start":{"line":78,"column":8},"end":{"line":78,"column":null}},"8":{"start":{"line":79,"column":2},"end":{"line":79,"column":null}},"9":{"start":{"line":80,"column":2},"end":{"line":80,"column":null}},"10":{"start":{"line":84,"column":2},"end":{"line":84,"column":null}},"11":{"start":{"line":88,"column":2},"end":{"line":88,"column":null}},"12":{"start":{"line":94,"column":2},"end":{"line":94,"column":null}},"13":{"start":{"line":98,"column":2},"end":{"line":98,"column":null}},"14":{"start":{"line":102,"column":8},"end":{"line":102,"column":null}},"15":{"start":{"line":103,"column":2},"end":{"line":103,"column":null}},"16":{"start":{"line":104,"column":2},"end":{"line":104,"column":null}},"17":{"start":{"line":108,"column":2},"end":{"line":108,"column":null}},"18":{"start":{"line":114,"column":2},"end":{"line":114,"column":null}},"19":{"start":{"line":118,"column":8},"end":{"line":118,"column":null}},"20":{"start":{"line":119,"column":2},"end":{"line":119,"column":null}},"21":{"start":{"line":120,"column":2},"end":{"line":120,"column":null}},"22":{"start":{"line":124,"column":2},"end":{"line":124,"column":null}},"23":{"start":{"line":128,"column":2},"end":{"line":128,"column":null}},"24":{"start":{"line":134,"column":2},"end":{"line":134,"column":null}},"25":{"start":{"line":138,"column":8},"end":{"line":138,"column":null}},"26":{"start":{"line":139,"column":2},"end":{"line":139,"column":null}},"27":{"start":{"line":140,"column":2},"end":{"line":140,"column":null}},"28":{"start":{"line":146,"column":2},"end":{"line":146,"column":null}},"29":{"start":{"line":150,"column":8},"end":{"line":150,"column":null}},"30":{"start":{"line":151,"column":2},"end":{"line":151,"column":null}},"31":{"start":{"line":152,"column":2},"end":{"line":152,"column":null}},"32":{"start":{"line":158,"column":14},"end":{"line":158,"column":null}},"33":{"start":{"line":159,"column":2},"end":{"line":159,"column":null}},"34":{"start":{"line":163,"column":2},"end":{"line":163,"column":null}},"35":{"start":{"line":167,"column":15},"end":{"line":167,"column":null}},"36":{"start":{"line":168,"column":2},"end":{"line":168,"column":null}},"37":{"start":{"line":168,"column":42},"end":{"line":168,"column":58}}},"fnMap":{"0":{"name":"initDatabase","decl":{"start":{"line":14,"column":16},"end":{"line":14,"column":37}},"loc":{"start":{"line":14,"column":37},"end":{"line":64,"column":null}},"line":14},"1":{"name":"closeDatabase","decl":{"start":{"line":67,"column":16},"end":{"line":67,"column":38}},"loc":{"start":{"line":67,"column":38},"end":{"line":69,"column":null}},"line":67},"2":{"name":"listProjects","decl":{"start":{"line":73,"column":16},"end":{"line":73,"column":42}},"loc":{"start":{"line":73,"column":42},"end":{"line":75,"column":null}},"line":73},"3":{"name":"createProject","decl":{"start":{"line":77,"column":16},"end":{"line":77,"column":30}},"loc":{"start":{"line":77,"column":86},"end":{"line":81,"column":null}},"line":77},"4":{"name":"updateProject","decl":{"start":{"line":83,"column":16},"end":{"line":83,"column":30}},"loc":{"start":{"line":83,"column":83},"end":{"line":85,"column":null}},"line":83},"5":{"name":"deleteProject","decl":{"start":{"line":87,"column":16},"end":{"line":87,"column":30}},"loc":{"start":{"line":87,"column":48},"end":{"line":89,"column":null}},"line":87},"6":{"name":"listDocuments","decl":{"start":{"line":93,"column":16},"end":{"line":93,"column":30}},"loc":{"start":{"line":93,"column":61},"end":{"line":95,"column":null}},"line":93},"7":{"name":"getDocument","decl":{"start":{"line":97,"column":16},"end":{"line":97,"column":28}},"loc":{"start":{"line":97,"column":62},"end":{"line":99,"column":null}},"line":97},"8":{"name":"createDocument","decl":{"start":{"line":101,"column":16},"end":{"line":101,"column":31}},"loc":{"start":{"line":101,"column":76},"end":{"line":105,"column":null}},"line":101},"9":{"name":"deleteDocument","decl":{"start":{"line":107,"column":16},"end":{"line":107,"column":31}},"loc":{"start":{"line":107,"column":49},"end":{"line":109,"column":null}},"line":107},"10":{"name":"listConversations","decl":{"start":{"line":113,"column":16},"end":{"line":113,"column":34}},"loc":{"start":{"line":113,"column":69},"end":{"line":115,"column":null}},"line":113},"11":{"name":"createConversation","decl":{"start":{"line":117,"column":16},"end":{"line":117,"column":35}},"loc":{"start":{"line":117,"column":122},"end":{"line":121,"column":null}},"line":117},"12":{"name":"deleteConversation","decl":{"start":{"line":123,"column":16},"end":{"line":123,"column":35}},"loc":{"start":{"line":123,"column":53},"end":{"line":125,"column":null}},"line":123},"13":{"name":"updateConversationTitle","decl":{"start":{"line":127,"column":16},"end":{"line":127,"column":40}},"loc":{"start":{"line":127,"column":73},"end":{"line":129,"column":null}},"line":127},"14":{"name":"listMessages","decl":{"start":{"line":133,"column":16},"end":{"line":133,"column":29}},"loc":{"start":{"line":133,"column":64},"end":{"line":135,"column":null}},"line":133},"15":{"name":"createMessage","decl":{"start":{"line":137,"column":16},"end":{"line":137,"column":30}},"loc":{"start":{"line":137,"column":120},"end":{"line":141,"column":null}},"line":137},"16":{"name":"listAnalyses","decl":{"start":{"line":145,"column":16},"end":{"line":145,"column":29}},"loc":{"start":{"line":145,"column":61},"end":{"line":147,"column":null}},"line":145},"17":{"name":"createAnalysis","decl":{"start":{"line":149,"column":16},"end":{"line":149,"column":31}},"loc":{"start":{"line":149,"column":130},"end":{"line":153,"column":null}},"line":149},"18":{"name":"getSetting","decl":{"start":{"line":157,"column":16},"end":{"line":157,"column":27}},"loc":{"start":{"line":157,"column":55},"end":{"line":160,"column":null}},"line":157},"19":{"name":"setSetting","decl":{"start":{"line":162,"column":16},"end":{"line":162,"column":27}},"loc":{"start":{"line":162,"column":61},"end":{"line":164,"column":null}},"line":162},"20":{"name":"getAllSettings","decl":{"start":{"line":166,"column":16},"end":{"line":166,"column":57}},"loc":{"start":{"line":166,"column":57},"end":{"line":169,"column":null}},"line":166},"21":{"name":"(anonymous_21)","decl":{"start":{"line":168,"column":37},"end":{"line":168,"column":42}},"loc":{"start":{"line":168,"column":42},"end":{"line":168,"column":58}},"line":168}},"branchMap":{"0":{"loc":{"start":{"line":159,"column":9},"end":{"line":159,"column":null}},"type":"binary-expr","locations":[{"start":{"line":159,"column":9},"end":{"line":159,"column":23}},{"start":{"line":159,"column":23},"end":{"line":159,"column":null}}],"line":159}},"s":{"0":58,"1":58,"2":58,"3":58,"4":58,"5":58,"6":10,"7":44,"8":44,"9":44,"10":3,"11":4,"12":16,"13":3,"14":25,"15":25,"16":25,"17":4,"18":9,"19":19,"20":19,"21":19,"22":2,"23":2,"24":16,"25":20,"26":20,"27":20,"28":6,"29":4,"30":4,"31":4,"32":9,"33":9,"34":13,"35":4,"36":4,"37":7},"f":{"0":58,"1":58,"2":10,"3":44,"4":3,"5":4,"6":16,"7":3,"8":25,"9":4,"10":9,"11":19,"12":2,"13":2,"14":16,"15":20,"16":6,"17":4,"18":9,"19":13,"20":4,"21":7},"b":{"0":[9,2]},"meta":{"lastBranch":1,"lastFunction":22,"lastStatement":38,"seen":{"f:14:16:14:37":0,"s:15:17:15:Infinity":0,"s:16:2:16:Infinity":1,"s:17:2:17:Infinity":2,"s:18:2:18:Infinity":3,"s:20:2:63:Infinity":4,"f:67:16:67:38":1,"s:68:2:68:Infinity":5,"f:73:16:73:42":2,"s:74:2:74:Infinity":6,"f:77:16:77:30":3,"s:78:8:78:Infinity":7,"s:79:2:79:Infinity":8,"s:80:2:80:Infinity":9,"f:83:16:83:30":4,"s:84:2:84:Infinity":10,"f:87:16:87:30":5,"s:88:2:88:Infinity":11,"f:93:16:93:30":6,"s:94:2:94:Infinity":12,"f:97:16:97:28":7,"s:98:2:98:Infinity":13,"f:101:16:101:31":8,"s:102:8:102:Infinity":14,"s:103:2:103:Infinity":15,"s:104:2:104:Infinity":16,"f:107:16:107:31":9,"s:108:2:108:Infinity":17,"f:113:16:113:34":10,"s:114:2:114:Infinity":18,"f:117:16:117:35":11,"s:118:8:118:Infinity":19,"s:119:2:119:Infinity":20,"s:120:2:120:Infinity":21,"f:123:16:123:35":12,"s:124:2:124:Infinity":22,"f:127:16:127:40":13,"s:128:2:128:Infinity":23,"f:133:16:133:29":14,"s:134:2:134:Infinity":24,"f:137:16:137:30":15,"s:138:8:138:Infinity":25,"s:139:2:139:Infinity":26,"s:140:2:140:Infinity":27,"f:145:16:145:29":16,"s:146:2:146:Infinity":28,"f:149:16:149:31":17,"s:150:8:150:Infinity":29,"s:151:2:151:Infinity":30,"s:152:2:152:Infinity":31,"f:157:16:157:27":18,"s:158:14:158:Infinity":32,"s:159:2:159:Infinity":33,"b:159:9:159:23:159:23:159:Infinity":0,"f:162:16:162:27":19,"s:163:2:163:Infinity":34,"f:166:16:166:57":20,"s:167:15:167:Infinity":35,"s:168:2:168:Infinity":36,"f:168:37:168:42":21,"s:168:42:168:58":37}}}
,"D:\\Seed\\OneBook\\electron\\services\\export.service.ts": {"path":"D:\\Seed\\OneBook\\electron\\services\\export.service.ts","statementMap":{"0":{"start":{"line":13,"column":23},"end":{"line":17,"column":null}},"1":{"start":{"line":18,"column":2},"end":{"line":20,"column":null}},"2":{"start":{"line":19,"column":4},"end":{"line":19,"column":null}},"3":{"start":{"line":25,"column":23},"end":{"line":29,"column":null}},"4":{"start":{"line":30,"column":2},"end":{"line":30,"column":null}},"5":{"start":{"line":30,"column":17},"end":{"line":30,"column":null}},"6":{"start":{"line":32,"column":21},"end":{"line":43,"column":null}},"7":{"start":{"line":33,"column":4},"end":{"line":35,"column":null}},"8":{"start":{"line":34,"column":6},"end":{"line":34,"column":null}},"9":{"start":{"line":36,"column":4},"end":{"line":38,"column":null}},"10":{"start":{"line":37,"column":6},"end":{"line":37,"column":null}},"11":{"start":{"line":39,"column":4},"end":{"line":41,"column":null}},"12":{"start":{"line":40,"column":6},"end":{"line":40,"column":null}},"13":{"start":{"line":42,"column":4},"end":{"line":42,"column":null}},"14":{"start":{"line":45,"column":14},"end":{"line":45,"column":null}},"15":{"start":{"line":46,"column":17},"end":{"line":46,"column":null}},"16":{"start":{"line":47,"column":2},"end":{"line":47,"column":null}},"17":{"start":{"line":52,"column":23},"end":{"line":56,"column":null}},"18":{"start":{"line":57,"column":2},"end":{"line":57,"column":null}},"19":{"start":{"line":57,"column":17},"end":{"line":57,"column":null}},"20":{"start":{"line":59,"column":14},"end":{"line":59,"column":null}},"21":{"start":{"line":60,"column":16},"end":{"line":60,"column":null}},"22":{"start":{"line":61,"column":10},"end":{"line":61,"column":null}},"23":{"start":{"line":62,"column":2},"end":{"line":66,"column":null}},"24":{"start":{"line":63,"column":4},"end":{"line":63,"column":null}},"25":{"start":{"line":63,"column":19},"end":{"line":63,"column":34}},"26":{"start":{"line":63,"column":34},"end":{"line":63,"column":41}},"27":{"start":{"line":64,"column":4},"end":{"line":64,"column":null}},"28":{"start":{"line":65,"column":4},"end":{"line":65,"column":null}},"29":{"start":{"line":67,"column":2},"end":{"line":67,"column":null}}},"fnMap":{"0":{"name":"exportMarkdown","decl":{"start":{"line":12,"column":22},"end":{"line":12,"column":37}},"loc":{"start":{"line":12,"column":84},"end":{"line":21,"column":null}},"line":12},"1":{"name":"exportWord","decl":{"start":{"line":24,"column":22},"end":{"line":24,"column":33}},"loc":{"start":{"line":24,"column":80},"end":{"line":48,"column":null}},"line":24},"2":{"name":"(anonymous_2)","decl":{"start":{"line":32,"column":45},"end":{"line":32,"column":46}},"loc":{"start":{"line":32,"column":55},"end":{"line":43,"column":3}},"line":32},"3":{"name":"exportPdf","decl":{"start":{"line":51,"column":22},"end":{"line":51,"column":32}},"loc":{"start":{"line":51,"column":83},"end":{"line":68,"column":null}},"line":51}},"branchMap":{"0":{"loc":{"start":{"line":18,"column":2},"end":{"line":20,"column":null}},"type":"if","locations":[{"start":{"line":18,"column":2},"end":{"line":20,"column":null}},{"start":{},"end":{}}],"line":18},"1":{"loc":{"start":{"line":30,"column":2},"end":{"line":30,"column":null}},"type":"if","locations":[{"start":{"line":30,"column":2},"end":{"line":30,"column":null}},{"start":{},"end":{}}],"line":30},"2":{"loc":{"start":{"line":33,"column":4},"end":{"line":35,"column":null}},"type":"if","locations":[{"start":{"line":33,"column":4},"end":{"line":35,"column":null}},{"start":{},"end":{}}],"line":33},"3":{"loc":{"start":{"line":36,"column":4},"end":{"line":38,"column":null}},"type":"if","locations":[{"start":{"line":36,"column":4},"end":{"line":38,"column":null}},{"start":{},"end":{}}],"line":36},"4":{"loc":{"start":{"line":39,"column":4},"end":{"line":41,"column":null}},"type":"if","locations":[{"start":{"line":39,"column":4},"end":{"line":41,"column":null}},{"start":{},"end":{}}],"line":39},"5":{"loc":{"start":{"line":57,"column":2},"end":{"line":57,"column":null}},"type":"if","locations":[{"start":{"line":57,"column":2},"end":{"line":57,"column":null}},{"start":{},"end":{}}],"line":57},"6":{"loc":{"start":{"line":63,"column":4},"end":{"line":63,"column":null}},"type":"if","locations":[{"start":{"line":63,"column":4},"end":{"line":63,"column":null}},{"start":{},"end":{}}],"line":63}},"s":{"0":2,"1":2,"2":1,"3":3,"4":3,"5":1,"6":2,"7":7,"8":2,"9":5,"10":2,"11":3,"12":1,"13":2,"14":2,"15":2,"16":2,"17":3,"18":3,"19":1,"20":2,"21":2,"22":2,"23":2,"24":52,"25":1,"26":1,"27":52,"28":52,"29":2},"f":{"0":2,"1":3,"2":7,"3":3},"b":{"0":[1,1],"1":[1,2],"2":[2,5],"3":[2,3],"4":[1,2],"5":[1,2],"6":[1,51]},"meta":{"lastBranch":7,"lastFunction":4,"lastStatement":30,"seen":{"f:12:22:12:37":0,"s:13:23:17:Infinity":0,"b:18:2:20:Infinity:undefined:undefined:undefined:undefined":0,"s:18:2:20:Infinity":1,"s:19:4:19:Infinity":2,"f:24:22:24:33":1,"s:25:23:29:Infinity":3,"b:30:2:30:Infinity:undefined:undefined:undefined:undefined":1,"s:30:2:30:Infinity":4,"s:30:17:30:Infinity":5,"s:32:21:43:Infinity":6,"f:32:45:32:46":2,"b:33:4:35:Infinity:undefined:undefined:undefined:undefined":2,"s:33:4:35:Infinity":7,"s:34:6:34:Infinity":8,"b:36:4:38:Infinity:undefined:undefined:undefined:undefined":3,"s:36:4:38:Infinity":9,"s:37:6:37:Infinity":10,"b:39:4:41:Infinity:undefined:undefined:undefined:undefined":4,"s:39:4:41:Infinity":11,"s:40:6:40:Infinity":12,"s:42:4:42:Infinity":13,"s:45:14:45:Infinity":14,"s:46:17:46:Infinity":15,"s:47:2:47:Infinity":16,"f:51:22:51:32":3,"s:52:23:56:Infinity":17,"b:57:2:57:Infinity:undefined:undefined:undefined:undefined":5,"s:57:2:57:Infinity":18,"s:57:17:57:Infinity":19,"s:59:14:59:Infinity":20,"s:60:16:60:Infinity":21,"s:61:10:61:Infinity":22,"s:62:2:66:Infinity":23,"b:63:4:63:Infinity:undefined:undefined:undefined:undefined":6,"s:63:4:63:Infinity":24,"s:63:19:63:34":25,"s:63:34:63:41":26,"s:64:4:64:Infinity":27,"s:65:4:65:Infinity":28,"s:67:2:67:Infinity":29}}}
,"D:\\Seed\\OneBook\\electron\\services\\file.service.ts": {"path":"D:\\Seed\\OneBook\\electron\\services\\file.service.ts","statementMap":{"0":{"start":{"line":15,"column":2},"end":{"line":15,"column":null}},"1":{"start":{"line":20,"column":17},"end":{"line":20,"column":null}},"2":{"start":{"line":21,"column":19},"end":{"line":21,"column":null}},"3":{"start":{"line":22,"column":46},"end":{"line":22,"column":null}},"4":{"start":{"line":23,"column":2},"end":{"line":25,"column":null}},"5":{"start":{"line":24,"column":4},"end":{"line":24,"column":null}},"6":{"start":{"line":26,"column":2},"end":{"line":26,"column":null}},"7":{"start":{"line":31,"column":14},"end":{"line":31,"column":null}},"8":{"start":{"line":32,"column":2},"end":{"line":34,"column":null}},"9":{"start":{"line":33,"column":4},"end":{"line":33,"column":null}},"10":{"start":{"line":35,"column":2},"end":{"line":37,"column":null}},"11":{"start":{"line":36,"column":4},"end":{"line":36,"column":null}},"12":{"start":{"line":38,"column":2},"end":{"line":38,"column":null}},"13":{"start":{"line":43,"column":2},"end":{"line":43,"column":null}},"14":{"start":{"line":48,"column":17},"end":{"line":48,"column":null}},"15":{"start":{"line":49,"column":8},"end":{"line":49,"column":null}},"16":{"start":{"line":50,"column":2},"end":{"line":50,"column":null}},"17":{"start":{"line":51,"column":19},"end":{"line":51,"column":null}},"18":{"start":{"line":52,"column":17},"end":{"line":52,"column":null}},"19":{"start":{"line":53,"column":2},"end":{"line":53,"column":null}},"20":{"start":{"line":54,"column":2},"end":{"line":54,"column":null}},"21":{"start":{"line":59,"column":19},"end":{"line":59,"column":null}},"22":{"start":{"line":60,"column":2},"end":{"line":60,"column":null}},"23":{"start":{"line":60,"column":20},"end":{"line":60,"column":null}},"24":{"start":{"line":61,"column":15},"end":{"line":61,"column":null}},"25":{"start":{"line":62,"column":18},"end":{"line":67,"column":null}},"26":{"start":{"line":68,"column":2},"end":{"line":68,"column":null}}},"fnMap":{"0":{"name":"readMarkdown","decl":{"start":{"line":14,"column":22},"end":{"line":14,"column":35}},"loc":{"start":{"line":14,"column":70},"end":{"line":16,"column":null}},"line":14},"1":{"name":"readExcel","decl":{"start":{"line":19,"column":22},"end":{"line":19,"column":32}},"loc":{"start":{"line":19,"column":67},"end":{"line":27,"column":null}},"line":19},"2":{"name":"readFileContent","decl":{"start":{"line":30,"column":22},"end":{"li
[...]
"end":{"line":32,"column":null}},"line":32},"7":{"name":"(anonymous_7)","decl":{"start":{"line":32,"column":38},"end":{"line":32,"column":39}},"loc":{"start":{"line":32,"column":50},"end":{"line":32,"column":97}},"line":32},"8":{"name":"(anonymous_8)","decl":{"start":{"line":33,"column":14},"end":{"line":33,"column":15}},"loc":{"start":{"line":33,"column":23},"end":{"line":33,"column":null}},"line":33},"9":{"name":"(anonymous_9)","decl":{"start":{"line":33,"column":27},"end":{"line":33,"column":28}},"loc":{"start":{"line":33,"column":39},"end":{"line":33,"column":78}},"line":33},"10":{"name":"(anonymous_10)","decl":{"start":{"line":34,"column":19},"end":{"line":34,"column":20}},"loc":{"start":{"line":34,"column":29},"end":{"line":34,"column":null}},"line":34},"11":{"name":"(anonymous_11)","decl":{"start":{"line":34,"column":33},"end":{"line":34,"column":34}},"loc":{"start":{"line":34,"column":45},"end":{"line":34,"column":95}},"line":34},"12":{"name":"(anonymous_12)","decl":{"start":{"line":35,"column":22},"end":{"line":35,"column":23}},"loc":{"start":{"line":35,"column":30},"end":{"line":39,"column":null}},"line":35},"13":{"name":"(anonymous_13)","decl":{"start":{"line":35,"column":34},"end":{"line":35,"column":35}},"loc":{"start":{"line":35,"column":46},"end":{"line":39,"column":4}},"line":35},"14":{"name":"(anonymous_14)","decl":{"start":{"line":36,"column":46},"end":{"line":36,"column":47}},"loc":{"start":{"line":36,"column":53},"end":{"line":36,"column":64}},"line":36}},"branchMap":{"0":{"loc":{"start":{"line":37,"column":25},"end":{"line":37,"column":null}},"type":"cond-expr","locations":[{"start":{"line":37,"column":64},"end":{"line":37,"column":71}},{"start":{"line":37,"column":71},"end":{"line":37,"column":null}}],"line":37},"1":{"loc":{"start":{"line":38,"column":14},"end":{"line":38,"column":null}},"type":"cond-expr","locations":[{"start":{"line":38,"column":53},"end":{"line":38,"column":58}},{"start":{"line":38,"column":58},"end":{"line":38,"column":null}}],"line":38}},"s":{"0":1,"1":1,"2":1,"3":0,"4":0,"5":1,"6":3,"7":1,"8":1,"9":2,"10":2,"11":1,"12":1,"13":2,"14":2,"15":3},"f":{"0":1,"1":1,"2":0,"3":0,"4":1,"5":3,"6":1,"7":1,"8":2,"9":2,"10":1,"11":1,"12":2,"13":2,"14":3},"b":{"0":[1,1],"1":[1,1]},"meta":{"lastBranch":2,"lastFunction":15,"lastStatement":16,"seen":{"s:21:13:40:Infinity":0,"f:21:46:21:47":0,"s:21:56:40:2":1,"f:27:20:27:21":1,"s:27:39:27:Infinity":2,"f:28:26:28:27":2,"s:28:51:28:Infinity":3,"f:29:15:29:16":3,"s:29:29:29:Infinity":4,"f:30:16:30:17":4,"s:30:31:30:Infinity":5,"f:31:20:31:21":5,"s:31:39:31:Infinity":6,"f:32:23:32:24":6,"s:32:34:32:Infinity":7,"f:32:38:32:39":7,"s:32:50:32:97":8,"f:33:14:33:15":8,"s:33:23:33:Infinity":9,"f:33:27:33:28":9,"s:33:39:33:78":10,"f:34:19:34:20":10,"s:34:29:34:Infinity":11,"f:34:33:34:34":11,"s:34:45:34:95":12,"f:35:22:35:23":12,"s:35:30:39:Infinity":13,"f:35:34:35:35":13,"s:35:46:39:4":14,"f:36:46:36:47":14,"s:36:53:36:64":15,"b:37:64:37:71:37:71:37:Infinity":0,"b:38:53:38:58:38:58:38:Infinity":1}}}
,"D:\\Seed\\OneBook\\src\\stores\\documentStore.ts": {"path":"D:\\Seed\\OneBook\\src\\stores\\documentStore.ts","statementMap":{"0":{"start":{"line":19,"column":13},"end":{"line":47,"column":null}},"1":{"start":{"line":19,"column":64},"end":{"line":47,"column":2}},"2":{"start":{"line":24,"column":31},"end":{"line":24,"column":null}},"3":{"start":{"line":25,"column":43},"end":{"line":25,"column":null}},"4":{"start":{"line":26,"column":39},"end":{"line":26,"column":null}},"5":{"start":{"line":27,"column":27},"end":{"line":27,"column":null}},"6":{"start":{"line":28,"column":24},"end":{"line":28,"column":null}},"7":{"start":{"line":28,"column":40},"end":{"line":28,"column":81}},"8":{"start":{"line":29,"column":26},"end":{"line":33,"column":null}},"9":{"start":{"line":29,"column":42},"end":{"line":33,"column":4}},"10":{"start":{"line":30,"column":45},"end":{"line":30,"column":56}},"11":{"start":{"line":31,"column":53},"end":{"line":31,"column":64}},"12":{"start":{"line":34,"column":25},"end":{"line":39,"column":null}},"13":{"start":{"line":34,"column":41},"end":{"line":39,"column":4}},"14":{"start":{"line":36,"column":51},"end":{"line":36,"column":66}},"15":{"start":{"line":40,"column":25},"end":{"line":46,"column":null}},"16":{"start":{"line":41,"column":20},"end":{"line":41,"column":null}},"17":{"start":{"line":41,"column":54},"end":{"line":41,"column":65}},"18":{"start":{"line":42,"column":4},"end":{"line":45,"column":null}}},"fnMap":{"0":{"name":"(anonymous_0)","decl":{"start":{"line":19,"column":54},"end":{"line":19,"column":55}},"loc":{"start":{"line":19,"column":64},"end":{"line":47,"column":2}},"line":19},"1":{"name":"(anonymous_1)","decl":{"start":{"line":24,"column":16},"end":{"line":24,"column":17}},"loc":{"start":{"line":24,"column":31},"end":{"line":24,"column":null}},"line":24},"2":{"name":"(anonymous_2)","decl":{"start":{"line":25,"column":22},"end":{"line":25,"column":23}},"loc":{"start":{"line":25,"column":43},"end":{"line":25,"column":null}},"line":25},"3":{"name":"(anonymous_3)","decl":{"start":{"line":26,"column":20},"end":{"line":26,"column":21}},"loc":{"start":{"line":26,"column":39},"end":{"line":26,"column":null}},"line":26},"4":{"name":"(anonymous_4)","decl":{"start":{"line":27,"column":14},"end":{"line":27,"column":15}},"loc":{"start":{"line":27,"column":27},"end":{"line":27,"column":null}},"line":27},"5":{"name":"(anonymous_5)","decl":{"start":{"line":28,"column":15},"end":{"line":28,"column":16}},"loc":{"start":{"line":28,"column":24},"end":{"line":28,"column":null}},"line":28},"6":{"name":"(anonymous_6)","decl":{"start":{"line":28,"column":28},"end":{"line":28,"column":29}},"loc":{"start":{"line":28,"column":40},"end":{"line":28,"column":81}},"line":28},"7":{"name":"(anonymous_7)","decl":{"start":{"line":29,"column":18},"end":{"line":29,"column":19}},"loc":{"start":{"line":29,"column":26},"end":{"line":33,"column":null}},"line":29},"8":{"name":"(anonymous_8)","decl":{"start":{"line":29,"column":30},"end":{"line":29,"column":31}},"loc":{"start":{"line":29,"column":42},"end":{"line":33,"column":4}},"line":29},"9":{"name":"(anonymous_9)","decl":{"start":{"line":30,"column":38},"end":{"line":30,"column":39}},"loc":{"start":{"line":30,"column":45},"end":{"line":30,"column":56}},"line":30},"10":{"name":"(anonymous_10)","decl":{"start":{"line":31,"column":46},"end":{"line":31,"column":47}},"loc":{"start":{"line":31,"column":53},"end":{"line":31,"column":64}},"line":31},"11":{"name":"(anonymous_11)","decl":{"start":{"line":34,"column":16},"end":{"line":34,"column":17}},"loc":{"start":{"line":34,"column":25},"end":{"line":39,"column":null}},"line":34},"12":{"name":"(anonymous_12)","decl":{"start":{"line":34,"column":29},"end":{"line":34,"column":30}},"loc":{"start":{"line":34,"column":41},"end":{"line":39,"column":4}},"line":34},"13":{"name":"(anonymous_13)","decl":{"start":{"line":36,"column":44},"end":{"line":36,"column":45}},"loc":{"start":{"line":36,"column":51},"end":{"line":36,"column":66}},"line":36},"14":{"name":"(anonymous_14)","decl":{"start":{"line":40,"column":17},"end":{"line":40,"column":18}},"loc":{"start":{"line":40,"column":25},"end":{"line":46,"column":null}},"line":40},"15":{"name":"(anonymous_15)","decl":{"start":{"line":40,"column":29},"end":{"line":40,"column":30}},"loc":{"start":{"line":40,"column":40},"end":{"line":46,"column":3}},"line":40},"16":{"name":"(anonymous_16)","decl":{"start":{"line":41,"column":47},"end":{"line":41,"column":48}},"loc":{"start":{"line":41,"column":54},"end":{"line":41,"column":65}},"line":41}},"branchMap":{"0":{"loc":{"start":{"line":32,"column":21},"end":{"line":32,"column":null}},"type":"cond-expr","locations":[{"start":{"line":32,"column":56},"end":{"line":32,"column":63}},{"start":{"line":32,"column":63},"end":{"line":32,"column":null}}],"line":32},"1":{"loc":{"start":{"line":36,"column":19},"end":{"line":38,"column":null}},"type":"cond-expr","locations":[{"start":{"line":37,"column":8},"end":{"line":37,"column":null}},{"start":{"line":38,"column":8},"end":{"line":38,"column":null}}],"line":36},"2":{"loc":{"start":{"line":44,"column":23},"end":{"line":44,"column":null}},"type":"cond-expr","locations":[{"start":{"line":44,"column":59},"end":{"line":44,"column":81}},{"start":{"line":44,"column":81},"end":{"line":44,"column":null}}],"line":44},"3":{"loc":{"start":{"line":44,"column":59},"end":{"line":44,"column":81}},"type":"binary-expr","locations":[{"start":{"line":44,"column":59},"end":{"line":44,"column":73}},{"start":{"line":44,"column":73},"end":{"line":44,"column":81}}],"line":44}},"s":{"0":1,"1":1,"2":1,"3":0,"4":0,"5":0,"6":1,"7":1,"8":1,"9":1,"10":1,"11":1,"12":3,"13":3,"14":1,"15":2,"16":2,"17":3,"18":2},"f":{"0":1,"1":1,"2":0,"3":0,"4":0,"5":1,"6":1,"7":1,"8":1,"9":1,"10":1,"11":3,"12":3,"13":1,"14":2,"15":2,"16":3},"b":{"0":[1,0],"1":[1,2],"2":[2,0],"3":[2,1]},"meta":{"lastBranch":4,"lastFunction":17,"lastStatement":19,"seen":{"s:19:13:47:Infinity":0,"f:19:54:19:55":0,"s:19:64:47:2":1,"f:24:16:24:17":1,"s:24:31:24:Infinity":2,"f:25:22:25:23":2,"s:25:43:25:Infinity":3,"f:26:20:26:21":3,"s:26:39:26:Infinity":4,"f:27:14:27:15":4,"s:27:27:27:Infinity":5,"f:28:15:28:16":5,"s:28:24:28:Infinity":6,"f:28:28:28:29":6,"s:28:40:28:81":7,"f:29:18:29:19":7,"s:29:26:33:Infinity":8,"f:29:30:29:31":8,"s:29:42:33:4":9,"f:30:38:30:39":9,"s:30:45:30:56":10,"f:31:46:31:47":10,"s:31:53:31:64":11,"b:32:56:32:63:32:63:32:Infinity":0,"f:34:16:34:17":11,"s:34:25:39:Infinity":12,"f:34:29:34:30":12,"s:34:41:39:4":13,"b:37:8:37:Infinity:38:8:38:Infinity":1,"f:36:44:36:45":13,"s:36:51:36:66":14,"f:40:17:40:18":14,"s:40:25:46:Infinity":15,"f:40:29:40:30":15,"s:41:20:41:Infinity":16,"f:41:47:41:48":16,"s:41:54:41:65":17,"s:42:4:45:Infinity":18,"b:44:59:44:81:44:81:44:Infinity":2,"b:44:59:44:73:44:73:44:81":3}}}
,"D:\\Seed\\OneBook\\src\\stores\\projectStore.ts": {"path":"D:\\Seed\\OneBook\\src\\stores\\projectStore.ts","statementMap":{"0":{"start":{"line":16,"column":13},"end":{"line":32,"column":null}},"1":{"start":{"line":16,"column":62},"end":{"line":32,"column":2}},"2":{"start":{"line":20,"column":29},"end":{"line":20,"column":null}},"3":{"start":{"line":21,"column":41},"end":{"line":21,"column":null}},"4":{"start":{"line":22,"column":27},"end":{"line":22,"column":null}},"5":{"start":{"line":23,"column":27},"end":{"line":23,"column":null}},"6":{"start":{"line":23,"column":43},"end":{"line":23,"column":86}},"7":{"start":{"line":24,"column":25},"end":{"line":27,"column":null}},"8":{"start":{"line":24,"column":41},"end":{"line":27,"column":4}},"9":{"start":{"line":25,"column":43},"end":{"line":25,"column":54}},"10":{"start":{"line":28,"column":31},"end":{"line":31,"column":null}},"11":{"start":{"line":28,"column":47},"end":{"line":31,"column":4}},"12":{"start":{"line":29,"column":41},"end":{"line":29,"column":77}}},"fnMap":{"0":{"name":"(anonymous_0)","decl":{"start":{"line":16,"column":52},"end":{"line":16,"column":53}},"loc":{"start":{"line":16,"column":62},"end":{"line":32,"column":2}},"line":16},"1":{"name":"(anonymous_1)","decl":{"start":{"line":20,"column":15},"end":{"line":20,"column":16}},"loc":{"start":{"line":20,"column":29},"end":{"line":20,"column":null}},"line":20},"2":{"name":"(anonymous_2)","decl":{"start":{"line":21,"column":21},"end":{"line":21,"column":22}},"loc":{"start":{"line":21,"column":41},"end":{"line":21,"column":null}},"line":21},"3":{"name":"(anonymous_3)","decl":{"start":{"line":22,"column":14},"end":{"line":22,"column":15}},"loc":{"start":{"line":22,"column":27},"end":{"line":22,"column":null}},"line":22},"4":{"name":"(anonymous_4)","decl":{"start":{"line":23,"column":14},"end":{"line":23,"column":15}},"loc":{"start":{"line":23,"column":27},"end":{"line":23,"column":null}},"line":23},"5":{"name":"(anonymous_5)","decl":{"start":{"line":23,"column":31},"end":{"line":23,"column":32}},"loc":{"start":{"line":23,"column":43},"end":{"line":23,"column":86}},"line":23},"6":{"name":"(anonymous_6)","decl":{"start":{"line":24,"column":17},"end":{"line":24,"column":18}},"loc":{"start":{"line":24,"column":25},"end":{"line":27,"column":null}},"line":24},"7":{"name":"(anonymous_7)","decl":{"start":{"line":24,"column":29},"end":{"line":24,"column":30}},"loc":{"start":{"line":24,"column":41},"end":{"line":27,"column":4}},"line":24},"8":{"name":"(anonymous_8)","decl":{"start":{"line":25,"column":36},"end":{"line":25,"column":37}},"loc":{"start":{"line":25,"column":43},"end":{"line":25,"column":54}},"line":25},"9":{"name":"(anonymous_9)","decl":{"start":{"line":28,"column":17},"end":{"line":28,"column":18}},"loc":{"start":{"line":28,"column":31},"end":{"line":31,"column":null}},"line":28},"10":{"name":"(anonymous_10)","decl":{"start":{"line":28,"column":35},"end":{"line":28,"column":36}},"loc":{"start":{"line":28,"column":47},"end":{"line":31,"column":4}},"line":28},"11":{"name":"(anonymous_11)","decl":{"start":{"line":29,"column":33},"end":{"line":29,"column":34}},"loc":{"start":{"line":29,"column":41},"end":{"line":29,"column":77}},"line":29}},"branchMap":{"0":{"loc":{"start":{"line":26,"column":20},"end":{"line":26,"column":null}},"type":"cond-expr","locations":[{"start":{"line":26,"column":54},"end":{"line":26,"column":61}},{"start":{"line":26,"column":61},"end":{"line":26,"column":null}}],"line":26},"1":{"loc":{"start":{"line":29,"column":41},"end":{"line":29,"column":77}},"type":"cond-expr","locations":[{"start":{"line":29,"column":55},"end":{"line":29,"column":75}},{"start":{"line":29,"column":75},"end":{"line":29,"column":77}}],"line":29},"2":{"loc":{"start":{"line":30,"column":20},"end":{"line":30,"column":null}},"type":"cond-expr","locations":[{"start":{"line":30,"column":54},"end":{"line":30,"column":93}},{"start":{"line":30,"column":93},"end":{"line":30,"column":null}}],"line":30}},"s":{"0":1,"1":1,"2":1,"3":0,"4":1,"5":1,"6":1,"7":3,"8":3,"9":5,"10":2,"11":2,"12":2},"f":{"0":1,"1":1,"2":0,"3":1,"4":1,"5":1,"6":3,"7":3,"8":5,"9":2,"10":2,"11":2},"b":{"0":[1,2],"1":[2,0],"2":[1,1]},"meta":{"lastBranch":3,"lastFunction":12,"lastStatement":13,"seen":{"s:16:13:32:Infinity":0,"f:16:52:16:53":0,"s:16:62:32:2":1,"f:20:15:20:16":1,"s:20:29:20:Infinity":2,"f:21:21:21:22":2,"s:21:41:21:Infinity":3,"f:22:14:22:15":3,"s:22:27:22:Infinity":4,"f:23:14:23:15":4,"s:23:27:23:Infinity":5,"f:23:31:23:32":5,"s:23:43:23:86":6,"f:24:17:24:18":6,"s:24:25:27:Infinity":7,"f:24:29:24:30":7,"s:24:41:27:4":8,"f:25:36:25:37":8,"s:25:43:25:54":9,"b:26:54:26:61:26:61:26:Infinity":0,"f:28:17:28:18":9,"s:28:31:31:Infinity":10,"f:28:35:28:36":10,"s:28:47:31:4":11,"f:29:33:29:34":11,"s:29:41:29:77":12,"b:29:55:29:75:29:75:29:77":1,"b:30:54:30:93:30:93:30:Infinity":2}}}
,"D:\\Seed\\OneBook\\src\\stores\\settingsStore.ts": {"path":"D:\\Seed\\OneBook\\src\\stores\\settingsStore.ts","statementMap":{"0":{"start":{"line":22,"column":13},"end":{"line":54,"column":null}},"1":{"start":{"line":22,"column":64},"end":{"line":54,"column":2}},"2":{"start":{"line":30,"column":29},"end":{"line":30,"column":null}},"3":{"start":{"line":31,"column":23},"end":{"line":31,"column":null}},"4":{"start":{"line":32,"column":31},"end":{"line":32,"column":null}},"5":{"start":{"line":33,"column":31},"end":{"line":33,"column":null}},"6":{"start":{"line":34,"column":37},"end":{"line":34,"column":null}},"7":{"start":{"line":35,"column":41},"end":{"line":35,"column":null}},"8":{"start":{"line":36,"column":39},"end":{"line":36,"column":null}},"9":{"start":{"line":38,"column":4},"end":{"line":52,"column":null}},"10":{"start":{"line":39,"column":23},"end":{"line":39,"column":null}},"11":{"start":{"line":40,"column":6},"end":{"line":47,"column":null}},"12":{"start":{"line":41,"column":8},"end":{"line":46,"column":null}},"13":{"start":{"line":48,"column":24},"end":{"line":48,"column":null}},"14":{"start":{"line":49,"column":6},"end":{"line":49,"column":null}}},"fnMap":{"0":{"name":"(anonymous_0)","decl":{"start":{"line":22,"column":54},"end":{"line":22,"column":55}},"loc":{"start":{"line":22,"column":64},"end":{"line":54,"column":2}},"line":22},"1":{"name":"(anonymous_1)","decl":{"start":{"line":30,"column":15},"end":{"line":30,"column":16}},"loc":{"start":{"line":30,"column":29},"end":{"line":30,"column":null}},"line":30},"2":{"name":"(anonymous_2)","decl":{"start":{"line":31,"column":12},"end":{"line":31,"column":13}},"loc":{"start":{"line":31,"column":23},"end":{"line":31,"column":null}},"line":31},"3":{"name":"(anonymous_3)","decl":{"start":{"line":32,"column":16},"end":{"line":32,"column":17}},"loc":{"start":{"line":32,"column":31},"end":{"line":32,"column":null}},"line":32},"4":{"name":"(anonymous_4)","decl":{"start":{"line":33,"column":16},"end":{"line":33,"column":17}},"loc":{"start":{"line":33,"column":31},"end":{"line":33,"column":null}},"line":33},"5":{"name":"(anonymous_5)","decl":{"start":{"line":34,"column":19},"end":{"line":34,"column":20}},"loc":{"start":{"line":34,"column":37},"end":{"line":34,"column":null}},"line":34},"6":{"name":"(anonymous_6)","decl":{"start":{"line":35,"column":21},"end":{"line":35,"column":22}},"loc":{"start":{"line":35,"column":41},"end":{"line":35,"column":null}},"line":35},"7":{"name":"(anonymous_7)","decl":{"start":{"line":36,"column":20},"end":{"line":36,"column":21}},"loc":{"start":{"line":36,"column":39},"end":{"line":36,"column":null}},"line":36},"8":{"name":"(anonymous_8)","decl":{"start":{"line":37,"column":16},"end":{"line":37,"column":28}},"loc":{"start":{"line":37,"column":28},"end":{"line":53,"column":null}},"line":37}},"branchMap":{"0":{"loc":{"start":{"line":40,"column":6},"end":{"line":47,"column":null}},"type":"if","locations":[{"start":{"line":40,"column":6},"end":{"line":47,"column":null}},{"start":{},"end":{}}],"line":40},"1":{"loc":{"start":{"line":42,"column":21},"end":{"line":42,"column":null}},"type":"binary-expr","locations":[{"start":{"line":42,"column":21},"end":{"line":42,"column":63}},{"start":{"line":42,"column":63},"end":{"line":42,"column":null}}],"line":42},"2":{"loc":{"start":{"line":43,"column":17},"end":{"line":43,"column":null}},"type":"binary-expr","locations":[{"start":{"line":43,"column":17},"end":{"line":43,"column":41}},{"start":{"line":43,"column":41},"end":{"line":43,"column":null}}],"line":43},"3":{"loc":{"start":{"line":44,"column":22},"end":{"line":44,"column":null}},"type":"binary-expr","locations":[{"start":{"line":44,"column":22},"end":{"line":44,"column":69}},{"start":{"line":44,"column":69},"end":{"line":44,"column":null}}],"line":44},"4":{"loc":{"start":{"line":45,"column":21},"end":{"line":45,"column":null}},"type":"binary-expr","locations":[{"start":{"line":45,"column":21},"end":{"line":45,"column":49}},{"start":{"line":45,"column":49},"end":{"line":45,"column":null}}],"line":45},"5":{"loc":{"start":{"line":49,"column":26},"end":{"line":49,"column":56}},"type":"binary-expr","locations":[{"start":{"line":49,"column":26},"end":{"line":49,"column":50}},{"start":{"line":49,"column":50},"end":{"line":49,"column":56}}],"line":49}},"s":{"0":1,"1":1,"2":1,"3":1,"4":1,"5":1,"6":0,"7":1,"8":1,"9":3,"10":3,"11":2,"12":2,"13":2,"14":2},"f":{"0":1,"1":1,"2":1,"3":1,"4":1,"5":0,"6":1,"7":1,"8":3},"b":{"0":[2,0],"1":[2,1],"2":[2,1],"3":[2,1],"4":[2,1],"5":[2,1]},"meta":{"lastBranch":6,"lastFunction":9,"lastStatement":15,"seen":{"s:22:13:54:Infinity":0,"f:22:54:22:55":0,"s:22:64:54:2":1,"f:30:15:30:16":1,"s:30:29:30:Infinity":2,"f:31:12:31:13":2,"s:31:23:31:Infinity":3,"f:32:16:32:17":3,"s:32:31:32:Infinity":4,"f:33:16:33:17":4,"s:33:31:33:Infinity":5,"f:34:19:34:20":5,"s:34:37:34:Infinity":6,"f:35:21:35:22":6,"s:35:41:35:Infinity":7,"f:36:20:36:21":7,"s:36:39:36:Infinity":8,"f:37:16:37:28":8,"s:38:4:52:Infinity":9,"s:39:23:39:Infinity":10,"b:40:6:47:Infinity:undefined:undefined:undefined:undefined":0,"s:40:6:47:Infinity":11,"s:41:8:46:Infinity":12,"b:42:21:42:63:42:63:42:Infinity":1,"b:43:17:43:41:43:41:43:Infinity":2,"b:44:22:44:69:44:69:44:Infinity":3,"b:45:21:45:49:45:49:45:Infinity":4,"s:48:24:48:Infinity":13,"s:49:6:49:Infinity":14,"b:49:26:49:50:49:50:49:56":5}}}
}
